This file contains any messages produced by compilers while
running configure, to aid debugging if configure makes a mistake.

It was created by exiv2 configure 0.24, which was
generated by GNU Autoconf 2.69.  Invocation command line was

  $ ./configure 

## --------- ##
## Platform. ##
## --------- ##

hostname = rmills-mbp.local
uname -m = x86_64
uname -r = 13.0.0
uname -s = Darwin
uname -v = Darwin Kernel Version 13.0.0: Thu Sep 19 22:22:27 PDT 2013; root:xnu-2422.1.72~6/RELEASE_X86_64

/usr/bin/uname -p = i386
/bin/uname -X     = unknown

/bin/arch              = unknown
/usr/bin/arch -k       = unknown
/usr/convex/getsysinfo = unknown
/usr/bin/hostinfo      = Mach kernel version:
	 Darwin Kernel Version 13.0.0: Thu Sep 19 22:22:27 PDT 2013; root:xnu-2422.1.72~6/RELEASE_X86_64
Kernel configured for up to 4 processors.
2 processors are physically available.
4 processors are logically available.
Processor type: i486 (Intel 80486)
Processors active: 0 1 2 3
Primary memory available: 8.00 gigabytes
Default processor set: 248 tasks, 1081 threads, 4 processors
Load average: 2.57, Mach factor: 1.82
/bin/machine           = unknown
/usr/bin/oslevel       = unknown
/bin/universe          = unknown

PATH: .
PATH: /Users/rmills/bin
PATH: /Users/rmills/bin/macosx
PATH: /bin
PATH: /usr/bin
PATH: /sbin
PATH: /usr/sbin
PATH: /usr/local/bin
PATH: /usr/X11R6/bin
PATH: /System/Library/Frameworks/Python.framework/Versions/2.7/bin/
PATH: /opt/local/bin
PATH: /opt/local/sbin
PATH: /opt/pkgconfig/bin


## ----------- ##
## Core tests. ##
## ----------- ##

configure:2696: checking for g++
configure:2712: found /usr/bin/g++
configure:2723: result: g++
configure:2750: checking for C++ compiler version
configure:2759: g++ --version >&5
Apple LLVM version 5.0 (clang-500.2.79) (based on LLVM 3.3svn)
Target: x86_64-apple-darwin13.0.0
Thread model: posix
Configured with: --prefix=/Applications/Xcode.app/Contents/Developer/usr --with-gxx-include-dir=/usr/include/c++/4.2.1
configure:2770: $? = 0
configure:2759: g++ -v >&5
Configured with: --prefix=/Applications/Xcode.app/Contents/Developer/usr --with-gxx-include-dir=/usr/include/c++/4.2.1
Apple LLVM version 5.0 (clang-500.2.79) (based on LLVM 3.3svn)
Target: x86_64-apple-darwin13.0.0
Thread model: posix
configure:2770: $? = 0
configure:2759: g++ -V >&5
clang: error: argument to '-V' is missing (expected 1 value)
clang: error: no input files
configure:2770: $? = 1
configure:2759: g++ -qversion >&5
clang: error: no input files
configure:2770: $? = 1
configure:2790: checking whether the C++ compiler works
configure:2812: g++    conftest.cpp  >&5
configure:2816: $? = 0
configure:2864: result: yes
configure:2867: checking for C++ compiler default output file name
configure:2869: result: a.out
configure:2875: checking for suffix of executables
configure:2882: g++ -o conftest    conftest.cpp  >&5
configure:2886: $? = 0
configure:2908: result: 
configure:2930: checking whether we are cross compiling
configure:2938: g++ -o conftest    conftest.cpp  >&5
configure:2942: $? = 0
configure:2949: ./conftest
configure:2953: $? = 0
configure:2968: result: no
configure:2973: checking for suffix of object files
configure:2995: g++ -c   conftest.cpp >&5
configure:2999: $? = 0
configure:3020: result: o
configure:3024: checking whether we are using the GNU C++ compiler
configure:3043: g++ -c   conftest.cpp >&5
configure:3043: $? = 0
configure:3052: result: yes
configure:3061: checking whether g++ accepts -g
configure:3122: result: no
configure:3150: checking how to run the C++ preprocessor
configure:3177: g++ -E  conftest.cpp
configure:3177: $? = 0
configure:3191: g++ -E  conftest.cpp
conftest.cpp:11:10: fatal error: 'ac_nonexistent.h' file not found
#include <ac_nonexistent.h>
         ^
1 error generated.
configure:3191: $? = 1
configure: failed program was:
| /* confdefs.h */
| #define PACKAGE_NAME "exiv2"
| #define PACKAGE_TARNAME "exiv2"
| #define PACKAGE_VERSION "0.24"
| #define PACKAGE_STRING "exiv2 0.24"
| #define PACKAGE_BUGREPORT "ahuggel@gmx.net"
| #define PACKAGE_URL ""
| #define PACKAGE "exiv2"
| #define VERSION "0.24"
| /* end confdefs.h.  */
| #include <ac_nonexistent.h>
configure:3216: result: g++ -E
configure:3236: g++ -E  conftest.cpp
configure:3236: $? = 0
configure:3250: g++ -E  conftest.cpp
conftest.cpp:11:10: fatal error: 'ac_nonexistent.h' file not found
#include <ac_nonexistent.h>
         ^
1 error generated.
configure:3250: $? = 1
configure: failed program was:
| /* confdefs.h */
| #define PACKAGE_NAME "exiv2"
| #define PACKAGE_TARNAME "exiv2"
| #define PACKAGE_VERSION "0.24"
| #define PACKAGE_STRING "exiv2 0.24"
| #define PACKAGE_BUGREPORT "ahuggel@gmx.net"
| #define PACKAGE_URL ""
| #define PACKAGE "exiv2"
| #define VERSION "0.24"
| /* end confdefs.h.  */
| #include <ac_nonexistent.h>
configure:3328: checking for gcc
configure:3344: found /usr/bin/gcc
configure:3355: result: gcc
configure:3584: checking for C compiler version
configure:3593: gcc --version >&5
Apple LLVM version 5.0 (clang-500.2.79) (based on LLVM 3.3svn)
Target: x86_64-apple-darwin13.0.0
Thread model: posix
Configured with: --prefix=/Applications/Xcode.app/Contents/Developer/usr --with-gxx-include-dir=/usr/include/c++/4.2.1
configure:3604: $? = 0
configure:3593: gcc -v >&5
Configured with: --prefix=/Applications/Xcode.app/Contents/Developer/usr --with-gxx-include-dir=/usr/include/c++/4.2.1
Apple LLVM version 5.0 (clang-500.2.79) (based on LLVM 3.3svn)
Target: x86_64-apple-darwin13.0.0
Thread model: posix
configure:3604: $? = 0
configure:3593: gcc -V >&5
clang: error: argument to '-V' is missing (expected 1 value)
clang: error: no input files
configure:3604: $? = 1
configure:3593: gcc -qversion >&5
clang: error: no input files
configure:3604: $? = 1
configure:3608: checking whether we are using the GNU C compiler
configure:3627: gcc -c   conftest.c >&5
configure:3627: $? = 0
configure:3636: result: yes
configure:3645: checking whether gcc accepts -g
configure:3706: result: no
configure:3723: checking for gcc option to accept ISO C89
configure:3786: gcc  -c -O2  conftest.c >&5
configure:3786: $? = 0
configure:3799: result: none needed
configure:3824: checking how to run the C preprocessor
configure:3855: gcc -E  conftest.c
configure:3855: $? = 0
configure:3869: gcc -E  conftest.c
conftest.c:11:10: fatal error: 'ac_nonexistent.h' file not found
#include <ac_nonexistent.h>
         ^
1 error generated.
configure:3869: $? = 1
configure: failed program was:
| /* confdefs.h */
| #define PACKAGE_NAME "exiv2"
| #define PACKAGE_TARNAME "exiv2"
| #define PACKAGE_VERSION "0.24"
| #define PACKAGE_STRING "exiv2 0.24"
| #define PACKAGE_BUGREPORT "ahuggel@gmx.net"
| #define PACKAGE_URL ""
| #define PACKAGE "exiv2"
| #define VERSION "0.24"
| /* end confdefs.h.  */
| #include <ac_nonexistent.h>
configure:3894: result: gcc -E
configure:3914: gcc -E  conftest.c
configure:3914: $? = 0
configure:3928: gcc -E  conftest.c
conftest.c:11:10: fatal error: 'ac_nonexistent.h' file not found
#include <ac_nonexistent.h>
         ^
1 error generated.
configure:3928: $? = 1
configure: failed program was:
| /* confdefs.h */
| #define PACKAGE_NAME "exiv2"
| #define PACKAGE_TARNAME "exiv2"
| #define PACKAGE_VERSION "0.24"
| #define PACKAGE_STRING "exiv2 0.24"
| #define PACKAGE_BUGREPORT "ahuggel@gmx.net"
| #define PACKAGE_URL ""
| #define PACKAGE "exiv2"
| #define VERSION "0.24"
| /* end confdefs.h.  */
| #include <ac_nonexistent.h>
configure:3970: checking for a BSD-compatible install
configure:4038: result: /usr/bin/install -c
configure:4049: checking whether ln -s works
configure:4053: result: yes
configure:4060: checking whether make sets $(MAKE)
configure:4082: result: yes
configure:4095: checking build system type
configure:4109: result: x86_64-apple-darwin13.0.0
configure:4129: checking host system type
configure:4142: result: x86_64-apple-darwin13.0.0
configure:4181: checking whether NLS is requested
configure:4190: result: yes
configure:4228: checking for msgfmt
configure: trying /usr/local/bin/msgfmt...
0 translated messages.
configure:4260: result: /usr/local/bin/msgfmt
configure:4269: checking for gmsgfmt
configure:4300: result: /usr/local/bin/msgfmt
configure:4340: checking for xgettext
configure: trying /usr/local/bin/xgettext...
/usr/local/bin/xgettext: warning: file '/dev/null' extension '' is unknown; will try C
configure:4372: result: /usr/local/bin/xgettext
configure:4412: checking for msgmerge
configure: trying /usr/local/bin/msgmerge...
configure:4443: result: /usr/local/bin/msgmerge
configure:4518: checking for ld used by GCC
configure:4582: result: /Applications/Xcode.app/Contents/Developer/Toolchains/XcodeDefault.xctoolchain/usr/bin/ld
configure:4589: checking if the linker (/Applications/Xcode.app/Contents/Developer/Toolchains/XcodeDefault.xctoolchain/usr/bin/ld) is GNU ld
configure:4602: result: no
configure:4609: checking for shared library run path origin
configure:4622: result: done
configure:5039: checking for CFPreferencesCopyAppValue
configure:5059: gcc -o conftest -O2  -I/System/Library/Frameworks/CoreFoundation.framework/Headers  conftest.c  -framework CoreFoundation >&5
configure:5059: $? = 0
configure:5069: result: yes
configure:5076: checking for CFLocaleCopyCurrent
configure:5096: gcc -o conftest -O2  -I/System/Library/Frameworks/CoreFoundation.framework/Headers  conftest.c  -framework CoreFoundation >&5
configure:5096: $? = 0
configure:5106: result: yes
configure:5121: checking whether NLS is requested
configure:5130: result: yes
configure:5148: checking for GNU gettext in libc
configure:5167: gcc -o conftest -O2   conftest.c  >&5
Undefined symbols for architecture x86_64:
  "__nl_domain_bindings", referenced from:
      _main in conftest-4faLM4.o
  "__nl_msg_cat_cntr", referenced from:
      _main in conftest-4faLM4.o
  "_libintl_bindtextdomain", referenced from:
      _main in conftest-4faLM4.o
  "_libintl_gettext", referenced from:
      _main in conftest-4faLM4.o
ld: symbol(s) not found for architecture x86_64
clang: error: linker command failed with exit code 1 (use -v to see invocation)
configure:5167: $? = 1
configure: failed program was:
| /* confdefs.h */
| #define PACKAGE_NAME "exiv2"
| #define PACKAGE_TARNAME "exiv2"
| #define PACKAGE_VERSION "0.24"
| #define PACKAGE_STRING "exiv2 0.24"
| #define PACKAGE_BUGREPORT "ahuggel@gmx.net"
| #define PACKAGE_URL ""
| #define PACKAGE "exiv2"
| #define VERSION "0.24"
| #define HAVE_CFPREFERENCESCOPYAPPVALUE 1
| #define HAVE_CFLOCALECOPYCURRENT 1
| /* end confdefs.h.  */
| #include <libintl.h>
| extern int _nl_msg_cat_cntr;
| extern int *_nl_domain_bindings;
| int
| main ()
| {
| bindtextdomain ("", "");
| return * gettext ("") + _nl_msg_cat_cntr + *_nl_domain_bindings
|   ;
|   return 0;
| }
configure:5175: result: no
configure:5209: checking for iconv
configure:5231: gcc -o conftest -O2   conftest.c  >&5
Undefined symbols for architecture x86_64:
  "_iconv", referenced from:
      _main in conftest-bVE9Ul.o
  "_iconv_close", referenced from:
      _main in conftest-bVE9Ul.o
  "_iconv_open", referenced from:
      _main in conftest-bVE9Ul.o
ld: symbol(s) not found for architecture x86_64
clang: error: linker command failed with exit code 1 (use -v to see invocation)
configure:5231: $? = 1
configure: failed program was:
| /* confdefs.h */
| #define PACKAGE_NAME "exiv2"
| #define PACKAGE_TARNAME "exiv2"
| #define PACKAGE_VERSION "0.24"
| #define PACKAGE_STRING "exiv2 0.24"
| #define PACKAGE_BUGREPORT "ahuggel@gmx.net"
| #define PACKAGE_URL ""
| #define PACKAGE "exiv2"
| #define VERSION "0.24"
| #define HAVE_CFPREFERENCESCOPYAPPVALUE 1
| #define HAVE_CFLOCALECOPYCURRENT 1
| /* end confdefs.h.  */
| #include <stdlib.h>
| #include <iconv.h>
| int
| main ()
| {
| iconv_t cd = iconv_open("","");
|        iconv(cd,NULL,NULL,NULL,NULL);
|        iconv_close(cd);
|   ;
|   return 0;
| }
configure:5253: gcc -o conftest -O2   conftest.c  -liconv >&5
configure:5253: $? = 0
configure:5263: result: yes
configure:5271: checking how to link with libiconv
configure:5273: result: -liconv
configure:5662: checking for GNU gettext in libintl
configure:5689: gcc -o conftest -O2  -I/usr/local/include  conftest.c  -L/usr/local/lib -lintl -liconv -lc >&5
configure:5689: $? = 0
configure:5728: result: yes
configure:5763: checking whether to use NLS
configure:5765: result: yes
configure:5768: checking where the gettext function comes from
configure:5779: result: external libintl
configure:5787: checking how to link with libintl
configure:5789: result: -L/usr/local/lib -lintl -liconv -lc -Wl,-framework -Wl,CoreFoundation
configure:5865: checking for a sed that does not truncate output
configure:5929: result: /usr/bin/sed
configure:5947: checking for grep that handles long lines and -e
configure:6005: result: /usr/bin/grep
configure:6010: checking for egrep
configure:6072: result: /usr/bin/grep -E
configure:6077: checking for fgrep
configure:6139: result: /usr/bin/grep -F
configure:6174: checking for ld used by gcc
configure:6241: result: /Applications/Xcode.app/Contents/Developer/Toolchains/XcodeDefault.xctoolchain/usr/bin/ld
configure:6248: checking if the linker (/Applications/Xcode.app/Contents/Developer/Toolchains/XcodeDefault.xctoolchain/usr/bin/ld) is GNU ld
configure:6263: result: no
configure:6275: checking for BSD- or MS-compatible name lister (nm)
configure:6324: result: /usr/local/bin/nm -B
configure:6442: checking the name lister (/usr/local/bin/nm -B) interface
configure:6449: gcc -c -O2 -I/usr/local/include conftest.c >&5
configure:6452: /usr/local/bin/nm -B "conftest.o"
configure:6455: output
0000000000000000 B _some_variable
configure:6462: result: BSD nm
configure:6466: checking the maximum length of command line arguments
configure:6586: result: 196608
configure:6603: checking whether the shell understands some XSI constructs
configure:6613: result: yes
configure:6617: checking whether the shell understands "+="
configure:6623: result: yes
configure:6658: checking for /Applications/Xcode.app/Contents/Developer/Toolchains/XcodeDefault.xctoolchain/usr/bin/ld option to reload object files
configure:6665: result: -r
configure:6734: checking for objdump
configure:6750: found /usr/local/bin/objdump
configure:6761: result: objdump
configure:6793: checking how to recognize dependent libraries
configure:6989: result: pass_all
configure:7049: checking for ar
configure:7065: found /usr/bin/ar
configure:7076: result: ar
configure:7154: checking for strip
configure:7170: found /usr/bin/strip
configure:7181: result: strip
configure:7253: checking for ranlib
configure:7269: found /usr/bin/ranlib
configure:7280: result: ranlib
configure:7370: checking command to parse /usr/local/bin/nm -B output from gcc object
configure:7488: gcc -c -O2 -I/usr/local/include conftest.c >&5
configure:7491: $? = 0
configure:7495: /usr/local/bin/nm -B conftest.o \| sed -n -e 's/^.*[	 ]\([ABCDGIRSTW][ABCDGIRSTW]*\)[	 ][	 ]*\([_A-Za-z][_A-Za-z0-9]*\)$/\1 \2 \2/p' \> conftest.nm
configure:7498: $? = 0
cannot find nm_test_var in conftest.nm
configure:7488: gcc -c -O2 -I/usr/local/include conftest.c >&5
configure:7491: $? = 0
configure:7495: /usr/local/bin/nm -B conftest.o \| sed -n -e 's/^.*[	 ]\([ABCDGIRSTW][ABCDGIRSTW]*\)[	 ][	 ]*_\([_A-Za-z][_A-Za-z0-9]*\)$/\1 _\2 \2/p' \> conftest.nm
configure:7498: $? = 0
configure:7552: gcc -o conftest -O2 -I/usr/local/include  conftest.c conftstm.o >&5
configure:7555: $? = 0
configure:7593: result: ok
configure:7857: checking for dsymutil
configure:7873: found /usr/bin/dsymutil
configure:7884: result: dsymutil
configure:7949: checking for nmedit
configure:7965: found /usr/bin/nmedit
configure:7976: result: nmedit
configure:8041: checking for lipo
configure:8057: found /usr/bin/lipo
configure:8068: result: lipo
configure:8133: checking for otool
configure:8149: found /usr/bin/otool
configure:8160: result: otool
configure:8225: checking for otool64
configure:8255: result: no
configure:8300: checking for -single_module linker flag
gcc -O2  -o libconftest.dylib -dynamiclib -Wl,-single_module conftest.c
configure:8327: result: yes
configure:8329: checking for -exported_symbols_list linker flag
configure:8349: gcc -o conftest -O2 -I/usr/local/include  -Wl,-exported_symbols_list,conftest.sym conftest.c  >&5
configure:8349: $? = 0
configure:8359: result: yes
configure:8397: checking for ANSI C header files
configure:8417: gcc -c -O2 -I/usr/local/include conftest.c >&5
configure:8417: $? = 0
configure:8490: gcc -o conftest -O2 -I/usr/local/include  conftest.c  >&5
configure:8490: $? = 0
configure:8490: ./conftest
configure:8490: $? = 0
configure:8501: result: yes
configure:8514: checking for sys/types.h
configure:8514: gcc -c -O2 -I/usr/local/include conftest.c >&5
configure:8514: $? = 0
configure:8514: result: yes
configure:8514: checking for sys/stat.h
configure:8514: gcc -c -O2 -I/usr/local/include conftest.c >&5
configure:8514: $? = 0
configure:8514: result: yes
configure:8514: checking for stdlib.h
configure:8514: gcc -c -O2 -I/usr/local/include conftest.c >&5
configure:8514: $? = 0
configure:8514: result: yes
configure:8514: checking for string.h
configure:8514: gcc -c -O2 -I/usr/local/include conftest.c >&5
configure:8514: $? = 0
configure:8514: result: yes
configure:8514: checking for memory.h
configure:8514: gcc -c -O2 -I/usr/local/include conftest.c >&5
configure:8514: $? = 0
configure:8514: result: yes
configure:8514: checking for strings.h
configure:8514: gcc -c -O2 -I/usr/local/include conftest.c >&5
configure:8514: $? = 0
configure:8514: result: yes
configure:8514: checking for inttypes.h
configure:8514: gcc -c -O2 -I/usr/local/include conftest.c >&5
configure:8514: $? = 0
configure:8514: result: yes
configure:8514: checking for stdint.h
configure:8514: gcc -c -O2 -I/usr/local/include conftest.c >&5
configure:8514: $? = 0
configure:8514: result: yes
configure:8514: checking for unistd.h
configure:8514: gcc -c -O2 -I/usr/local/include conftest.c >&5
configure:8514: $? = 0
configure:8514: result: yes
configure:8528: checking for dlfcn.h
configure:8528: gcc -c -O2 -I/usr/local/include conftest.c >&5
configure:8528: $? = 0
configure:8528: result: yes
configure:8653: checking for C++ compiler version
configure:8662: g++ --version >&5
Apple LLVM version 5.0 (clang-500.2.79) (based on LLVM 3.3svn)
Target: x86_64-apple-darwin13.0.0
Thread model: posix
Configured with: --prefix=/Applications/Xcode.app/Contents/Developer/usr --with-gxx-include-dir=/usr/include/c++/4.2.1
configure:8673: $? = 0
configure:8662: g++ -v >&5
Configured with: --prefix=/Applications/Xcode.app/Contents/Developer/usr --with-gxx-include-dir=/usr/include/c++/4.2.1
Apple LLVM version 5.0 (clang-500.2.79) (based on LLVM 3.3svn)
Target: x86_64-apple-darwin13.0.0
Thread model: posix
configure:8673: $? = 0
configure:8662: g++ -V >&5
clang: error: argument to '-V' is missing (expected 1 value)
clang: error: no input files
configure:8673: $? = 1
configure:8662: g++ -qversion >&5
clang: error: no input files
configure:8673: $? = 1
configure:8677: checking whether we are using the GNU C++ compiler
configure:8705: result: yes
configure:8714: checking whether g++ accepts -g
configure:8775: result: no
configure:8806: checking how to run the C++ preprocessor
configure:8872: result: g++ -E
configure:8892: g++ -E -I/usr/local/include conftest.cpp
configure:8892: $? = 0
configure:8906: g++ -E -I/usr/local/include conftest.cpp
conftest.cpp:28:10: fatal error: 'ac_nonexistent.h' file not found
#include <ac_nonexistent.h>
         ^
1 error generated.
configure:8906: $? = 1
configure: failed program was:
| /* confdefs.h */
| #define PACKAGE_NAME "exiv2"
| #define PACKAGE_TARNAME "exiv2"
| #define PACKAGE_VERSION "0.24"
| #define PACKAGE_STRING "exiv2 0.24"
| #define PACKAGE_BUGREPORT "ahuggel@gmx.net"
| #define PACKAGE_URL ""
| #define PACKAGE "exiv2"
| #define VERSION "0.24"
| #define HAVE_CFPREFERENCESCOPYAPPVALUE 1
| #define HAVE_CFLOCALECOPYCURRENT 1
| #define HAVE_ICONV 1
| #define ENABLE_NLS 1
| #define HAVE_GETTEXT 1
| #define HAVE_DCGETTEXT 1
| #define STDC_HEADERS 1
| #define HAVE_SYS_TYPES_H 1
| #define HAVE_SYS_STAT_H 1
| #define HAVE_STDLIB_H 1
| #define HAVE_STRING_H 1
| #define HAVE_MEMORY_H 1
| #define HAVE_STRINGS_H 1
| #define HAVE_INTTYPES_H 1
| #define HAVE_STDINT_H 1
| #define HAVE_UNISTD_H 1
| #define HAVE_DLFCN_H 1
| /* end confdefs.h.  */
| #include <ac_nonexistent.h>
configure:9112: checking for objdir
configure:9127: result: .libs
configure:9423: checking if gcc supports -fno-rtti -fno-exceptions
configure:9441: gcc -c -O2 -I/usr/local/include -fno-rtti -fno-exceptions conftest.c >&5
configure:9445: $? = 0
configure:9458: result: yes
configure:9478: checking for gcc option to produce PIC
configure:9750: result: -fno-common -DPIC
configure:9762: checking if gcc PIC flag -fno-common -DPIC works
configure:9780: gcc -c -O2 -I/usr/local/include -fno-common -DPIC -DPIC conftest.c >&5
configure:9784: $? = 0
configure:9797: result: yes
configure:9821: checking if gcc static flag -static works
configure:9849: result: no
configure:9864: checking if gcc supports -c -o file.o
configure:9885: gcc -c -O2 -I/usr/local/include -o out/conftest2.o conftest.c >&5
configure:9889: $? = 0
configure:9911: result: yes
configure:9919: checking if gcc supports -c -o file.o
configure:9966: result: yes
configure:9999: checking whether the gcc linker (/Applications/Xcode.app/Contents/Developer/Toolchains/XcodeDefault.xctoolchain/usr/bin/ld) supports shared libraries
configure:10989: result: yes
configure:11228: checking dynamic linker characteristics
configure:11891: result: darwin13.0.0 dyld
configure:11993: checking how to hardcode library paths into programs
configure:12018: result: immediate
configure:12538: checking whether stripping libraries is possible
configure:12552: result: yes
configure:12578: checking if libtool supports shared libraries
configure:12580: result: yes
configure:12583: checking whether to build shared libraries
configure:12604: result: yes
configure:12607: checking whether to build static libraries
configure:12611: result: yes
configure:12761: checking for ld used by g++
configure:12828: result: /Applications/Xcode.app/Contents/Developer/Toolchains/XcodeDefault.xctoolchain/usr/bin/ld
configure:12835: checking if the linker (/Applications/Xcode.app/Contents/Developer/Toolchains/XcodeDefault.xctoolchain/usr/bin/ld) is GNU ld
configure:12850: result: no
configure:12905: checking whether the g++ linker (/Applications/Xcode.app/Contents/Developer/Toolchains/XcodeDefault.xctoolchain/usr/bin/ld) supports shared libraries
configure:13818: result: yes
configure:13846: g++ -c -O2 -I/usr/local/include conftest.cpp >&5
configure:13849: $? = 0
configure:14031: checking for g++ option to produce PIC
configure:14348: result: -fno-common -DPIC
configure:14357: checking if g++ PIC flag -fno-common -DPIC works
configure:14375: g++ -c -O2 -I/usr/local/include -fno-common -DPIC -DPIC conftest.cpp >&5
configure:14379: $? = 0
configure:14392: result: yes
configure:14413: checking if g++ static flag -static works
configure:14441: result: no
configure:14453: checking if g++ supports -c -o file.o
configure:14474: g++ -c -O2 -I/usr/local/include -o out/conftest2.o conftest.cpp >&5
configure:14478: $? = 0
configure:14500: result: yes
configure:14505: checking if g++ supports -c -o file.o
configure:14552: result: yes
configure:14582: checking whether the g++ linker (/Applications/Xcode.app/Contents/Developer/Toolchains/XcodeDefault.xctoolchain/usr/bin/ld) supports shared libraries
configure:14611: result: yes
configure:14748: checking dynamic linker characteristics
configure:15359: result: darwin13.0.0 dyld
configure:15410: checking how to hardcode library paths into programs
configure:15435: result: immediate
configure:15634: checking if zlib is wanted
configure:15649: result: yes
configure:15683: checking for inflateEnd in -lz
configure:15708: gcc -o conftest -O2 -I/usr/local/include -I/usr/local/include  -L/usr/local/lib conftest.c -lz    >&5
configure:15708: $? = 0
configure:15717: result: yes
configure:15725: checking zlib.h usability
configure:15725: gcc -c -O2 -I/usr/local/include -I/usr/local/include conftest.c >&5
configure:15725: $? = 0
configure:15725: result: yes
configure:15725: checking zlib.h presence
configure:15725: gcc -E -I/usr/local/include -I/usr/local/include conftest.c
configure:15725: $? = 0
configure:15725: result: yes
configure:15725: checking for zlib.h
configure:15725: result: yes
configure:15744: checking for inflateEnd in -lz
configure:15778: result: yes
configure:15789: checking zlib in /usr/local
configure:15791: result: ok
configure:15841: checking for iconv
configure:15895: result: yes
configure:15903: checking how to link with libiconv
configure:15905: result: -liconv
configure:15916: checking for iconv declaration
configure:15945: gcc -c -O2 -I/usr/local/include -I/usr/local/include conftest.c >&5
configure:15945: $? = 0
configure:15956: result: 
         extern size_t iconv (iconv_t cd, char * *inbuf, size_t *inbytesleft, char * *outbuf, size_t *outbytesleft);
configure:15970: checking for ANSI C header files
configure:16074: result: yes
configure:16085: checking libintl.h usability
configure:16085: gcc -c -O2 -I/usr/local/include -I/usr/local/include conftest.c >&5
configure:16085: $? = 0
configure:16085: result: yes
configure:16085: checking libintl.h presence
configure:16085: gcc -E -I/usr/local/include -I/usr/local/include conftest.c
configure:16085: $? = 0
configure:16085: result: yes
configure:16085: checking for libintl.h
configure:16085: result: yes
configure:16085: checking locale.h usability
configure:16085: gcc -c -O2 -I/usr/local/include -I/usr/local/include conftest.c >&5
configure:16085: $? = 0
configure:16085: result: yes
configure:16085: checking locale.h presence
configure:16085: gcc -E -I/usr/local/include -I/usr/local/include conftest.c
configure:16085: $? = 0
configure:16085: result: yes
configure:16085: checking for locale.h
configure:16085: result: yes
configure:16085: checking malloc.h usability
configure:16085: gcc -c -O2 -I/usr/local/include -I/usr/local/include conftest.c >&5
conftest.c:68:10: fatal error: 'malloc.h' file not found
#include <malloc.h>
         ^
1 error generated.
configure:16085: $? = 1
configure: failed program was:
| /* confdefs.h */
| #define PACKAGE_NAME "exiv2"
| #define PACKAGE_TARNAME "exiv2"
| #define PACKAGE_VERSION "0.24"
| #define PACKAGE_STRING "exiv2 0.24"
| #define PACKAGE_BUGREPORT "ahuggel@gmx.net"
| #define PACKAGE_URL ""
| #define PACKAGE "exiv2"
| #define VERSION "0.24"
| #define HAVE_CFPREFERENCESCOPYAPPVALUE 1
| #define HAVE_CFLOCALECOPYCURRENT 1
| #define HAVE_ICONV 1
| #define ENABLE_NLS 1
| #define HAVE_GETTEXT 1
| #define HAVE_DCGETTEXT 1
| #define STDC_HEADERS 1
| #define HAVE_SYS_TYPES_H 1
| #define HAVE_SYS_STAT_H 1
| #define HAVE_STDLIB_H 1
| #define HAVE_STRING_H 1
| #define HAVE_MEMORY_H 1
| #define HAVE_STRINGS_H 1
| #define HAVE_INTTYPES_H 1
| #define HAVE_STDINT_H 1
| #define HAVE_UNISTD_H 1
| #define HAVE_DLFCN_H 1
| #define LT_OBJDIR ".libs/"
| #define HAVE_LIBZ 1
| #define HAVE_ICONV 1
| #define ICONV_CONST 
| #define STDC_HEADERS 1
| #define HAVE_LIBINTL_H 1
| #define HAVE_LOCALE_H 1
| /* end confdefs.h.  */
| #include <stdio.h>
| #ifdef HAVE_SYS_TYPES_H
| # include <sys/types.h>
| #endif
| #ifdef HAVE_SYS_STAT_H
| # include <sys/stat.h>
| #endif
| #ifdef STDC_HEADERS
| # include <stdlib.h>
| # include <stddef.h>
| #else
| # ifdef HAVE_STDLIB_H
| #  include <stdlib.h>
| # endif
| #endif
| #ifdef HAVE_STRING_H
| # if !defined STDC_HEADERS && defined HAVE_MEMORY_H
| #  include <memory.h>
| # endif
| # include <string.h>
| #endif
| #ifdef HAVE_STRINGS_H
| # include <strings.h>
| #endif
| #ifdef HAVE_INTTYPES_H
| # include <inttypes.h>
| #endif
| #ifdef HAVE_STDINT_H
| # include <stdint.h>
| #endif
| #ifdef HAVE_UNISTD_H
| # include <unistd.h>
| #endif
| #include <malloc.h>
configure:16085: result: no
configure:16085: checking malloc.h presence
configure:16085: gcc -E -I/usr/local/include -I/usr/local/include conftest.c
conftest.c:35:10: fatal error: 'malloc.h' file not found
#include <malloc.h>
         ^
1 error generated.
configure:16085: $? = 1
configure: failed program was:
| /* confdefs.h */
| #define PACKAGE_NAME "exiv2"
| #define PACKAGE_TARNAME "exiv2"
| #define PACKAGE_VERSION "0.24"
| #define PACKAGE_STRING "exiv2 0.24"
| #define PACKAGE_BUGREPORT "ahuggel@gmx.net"
| #define PACKAGE_URL ""
| #define PACKAGE "exiv2"
| #define VERSION "0.24"
| #define HAVE_CFPREFERENCESCOPYAPPVALUE 1
| #define HAVE_CFLOCALECOPYCURRENT 1
| #define HAVE_ICONV 1
| #define ENABLE_NLS 1
| #define HAVE_GETTEXT 1
| #define HAVE_DCGETTEXT 1
| #define STDC_HEADERS 1
| #define HAVE_SYS_TYPES_H 1
| #define HAVE_SYS_STAT_H 1
| #define HAVE_STDLIB_H 1
| #define HAVE_STRING_H 1
| #define HAVE_MEMORY_H 1
| #define HAVE_STRINGS_H 1
| #define HAVE_INTTYPES_H 1
| #define HAVE_STDINT_H 1
| #define HAVE_UNISTD_H 1
| #define HAVE_DLFCN_H 1
| #define LT_OBJDIR ".libs/"
| #define HAVE_LIBZ 1
| #define HAVE_ICONV 1
| #define ICONV_CONST 
| #define STDC_HEADERS 1
| #define HAVE_LIBINTL_H 1
| #define HAVE_LOCALE_H 1
| /* end confdefs.h.  */
| #include <malloc.h>
configure:16085: result: no
configure:16085: checking for malloc.h
configure:16085: result: no
configure:16085: checking for stdint.h
configure:16085: result: yes
configure:16085: checking for stdlib.h
configure:16085: result: yes
configure:16085: checking for string.h
configure:16085: result: yes
configure:16085: checking for unistd.h
configure:16085: result: yes
configure:16085: checking sys/mman.h usability
configure:16085: gcc -c -O2 -I/usr/local/include -I/usr/local/include conftest.c >&5
configure:16085: $? = 0
configure:16085: result: yes
configure:16085: checking sys/mman.h presence
configure:16085: gcc -E -I/usr/local/include -I/usr/local/include conftest.c
configure:16085: $? = 0
configure:16085: result: yes
configure:16085: checking for sys/mman.h
configure:16085: result: yes
configure:16085: checking utime.h usability
configure:16085: gcc -c -O2 -I/usr/local/include -I/usr/local/include conftest.c >&5
configure:16085: $? = 0
configure:16085: result: yes
configure:16085: checking utime.h presence
configure:16085: gcc -E -I/usr/local/include -I/usr/local/include conftest.c
configure:16085: $? = 0
configure:16085: result: yes
configure:16085: checking for utime.h
configure:16085: result: yes
configure:16099: checking for stdbool.h that conforms to C99
configure:16166: gcc -c -O2 -I/usr/local/include -I/usr/local/include conftest.c >&5
configure:16166: $? = 0
configure:16173: result: yes
configure:16175: checking for _Bool
configure:16175: gcc -c -O2 -I/usr/local/include -I/usr/local/include conftest.c >&5
configure:16175: $? = 0
configure:16175: gcc -c -O2 -I/usr/local/include -I/usr/local/include conftest.c >&5
conftest.c:77:20: error: expected expression
if (sizeof ((_Bool)))
                   ^
1 error generated.
configure:16175: $? = 1
configure: failed program was:
| /* confdefs.h */
| #define PACKAGE_NAME "exiv2"
| #define PACKAGE_TARNAME "exiv2"
| #define PACKAGE_VERSION "0.24"
| #define PACKAGE_STRING "exiv2 0.24"
| #define PACKAGE_BUGREPORT "ahuggel@gmx.net"
| #define PACKAGE_URL ""
| #define PACKAGE "exiv2"
| #define VERSION "0.24"
| #define HAVE_CFPREFERENCESCOPYAPPVALUE 1
| #define HAVE_CFLOCALECOPYCURRENT 1
| #define HAVE_ICONV 1
| #define ENABLE_NLS 1
| #define HAVE_GETTEXT 1
| #define HAVE_DCGETTEXT 1
| #define STDC_HEADERS 1
| #define HAVE_SYS_TYPES_H 1
| #define HAVE_SYS_STAT_H 1
| #define HAVE_STDLIB_H 1
| #define HAVE_STRING_H 1
| #define HAVE_MEMORY_H 1
| #define HAVE_STRINGS_H 1
| #define HAVE_INTTYPES_H 1
| #define HAVE_STDINT_H 1
| #define HAVE_UNISTD_H 1
| #define HAVE_DLFCN_H 1
| #define LT_OBJDIR ".libs/"
| #define HAVE_LIBZ 1
| #define HAVE_ICONV 1
| #define ICONV_CONST 
| #define STDC_HEADERS 1
| #define HAVE_LIBINTL_H 1
| #define HAVE_LOCALE_H 1
| #define HAVE_STDINT_H 1
| #define HAVE_STDLIB_H 1
| #define HAVE_STRING_H 1
| #define HAVE_UNISTD_H 1
| #define HAVE_SYS_MMAN_H 1
| #define HAVE_UTIME_H 1
| /* end confdefs.h.  */
| #include <stdio.h>
| #ifdef HAVE_SYS_TYPES_H
| # include <sys/types.h>
| #endif
| #ifdef HAVE_SYS_STAT_H
| # include <sys/stat.h>
| #endif
| #ifdef STDC_HEADERS
| # include <stdlib.h>
| # include <stddef.h>
| #else
| # ifdef HAVE_STDLIB_H
| #  include <stdlib.h>
| # endif
| #endif
| #ifdef HAVE_STRING_H
| # if !defined STDC_HEADERS && defined HAVE_MEMORY_H
| #  include <memory.h>
| # endif
| # include <string.h>
| #endif
| #ifdef HAVE_STRINGS_H
| # include <strings.h>
| #endif
| #ifdef HAVE_INTTYPES_H
| # include <inttypes.h>
| #endif
| #ifdef HAVE_STDINT_H
| # include <stdint.h>
| #endif
| #ifdef HAVE_UNISTD_H
| # include <unistd.h>
| #endif
| int
| main ()
| {
| if (sizeof ((_Bool)))
| 	    return 0;
|   ;
|   return 0;
| }
configure:16175: result: yes
configure:16192: checking for an ANSI C-conforming const
configure:16258: gcc -c -O2 -I/usr/local/include -I/usr/local/include conftest.c >&5
configure:16258: $? = 0
configure:16265: result: yes
configure:16273: checking for inline
configure:16289: gcc -c -O2 -I/usr/local/include -I/usr/local/include conftest.c >&5
configure:16289: $? = 0
configure:16297: result: inline
configure:16315: checking for pid_t
configure:16315: gcc -c -O2 -I/usr/local/include -I/usr/local/include conftest.c >&5
configure:16315: $? = 0
configure:16315: gcc -c -O2 -I/usr/local/include -I/usr/local/include conftest.c >&5
conftest.c:79:20: error: expected expression
if (sizeof ((pid_t)))
                   ^
1 error generated.
configure:16315: $? = 1
configure: failed program was:
| /* confdefs.h */
| #define PACKAGE_NAME "exiv2"
| #define PACKAGE_TARNAME "exiv2"
| #define PACKAGE_VERSION "0.24"
| #define PACKAGE_STRING "exiv2 0.24"
| #define PACKAGE_BUGREPORT "ahuggel@gmx.net"
| #define PACKAGE_URL ""
| #define PACKAGE "exiv2"
| #define VERSION "0.24"
| #define HAVE_CFPREFERENCESCOPYAPPVALUE 1
| #define HAVE_CFLOCALECOPYCURRENT 1
| #define HAVE_ICONV 1
| #define ENABLE_NLS 1
| #define HAVE_GETTEXT 1
| #define HAVE_DCGETTEXT 1
| #define STDC_HEADERS 1
| #define HAVE_SYS_TYPES_H 1
| #define HAVE_SYS_STAT_H 1
| #define HAVE_STDLIB_H 1
| #define HAVE_STRING_H 1
| #define HAVE_MEMORY_H 1
| #define HAVE_STRINGS_H 1
| #define HAVE_INTTYPES_H 1
| #define HAVE_STDINT_H 1
| #define HAVE_UNISTD_H 1
| #define HAVE_DLFCN_H 1
| #define LT_OBJDIR ".libs/"
| #define HAVE_LIBZ 1
| #define HAVE_ICONV 1
| #define ICONV_CONST 
| #define STDC_HEADERS 1
| #define HAVE_LIBINTL_H 1
| #define HAVE_LOCALE_H 1
| #define HAVE_STDINT_H 1
| #define HAVE_STDLIB_H 1
| #define HAVE_STRING_H 1
| #define HAVE_UNISTD_H 1
| #define HAVE_SYS_MMAN_H 1
| #define HAVE_UTIME_H 1
| #define HAVE__BOOL 1
| #define HAVE_STDBOOL_H 1
| /* end confdefs.h.  */
| #include <stdio.h>
| #ifdef HAVE_SYS_TYPES_H
| # include <sys/types.h>
| #endif
| #ifdef HAVE_SYS_STAT_H
| # include <sys/stat.h>
| #endif
| #ifdef STDC_HEADERS
| # include <stdlib.h>
| # include <stddef.h>
| #else
| # ifdef HAVE_STDLIB_H
| #  include <stdlib.h>
| # endif
| #endif
| #ifdef HAVE_STRING_H
| # if !defined STDC_HEADERS && defined HAVE_MEMORY_H
| #  include <memory.h>
| # endif
| # include <string.h>
| #endif
| #ifdef HAVE_STRINGS_H
| # include <strings.h>
| #endif
| #ifdef HAVE_INTTYPES_H
| # include <inttypes.h>
| #endif
| #ifdef HAVE_STDINT_H
| # include <stdint.h>
| #endif
| #ifdef HAVE_UNISTD_H
| # include <unistd.h>
| #endif
| int
| main ()
| {
| if (sizeof ((pid_t)))
| 	    return 0;
|   ;
|   return 0;
| }
configure:16315: result: yes
configure:16326: checking for size_t
configure:16326: gcc -c -O2 -I/usr/local/include -I/usr/local/include conftest.c >&5
configure:16326: $? = 0
configure:16326: gcc -c -O2 -I/usr/local/include -I/usr/local/include conftest.c >&5
conftest.c:79:21: error: expected expression
if (sizeof ((size_t)))
                    ^
1 error generated.
configure:16326: $? = 1
configure: failed program was:
| /* confdefs.h */
| #define PACKAGE_NAME "exiv2"
| #define PACKAGE_TARNAME "exiv2"
| #define PACKAGE_VERSION "0.24"
| #define PACKAGE_STRING "exiv2 0.24"
| #define PACKAGE_BUGREPORT "ahuggel@gmx.net"
| #define PACKAGE_URL ""
| #define PACKAGE "exiv2"
| #define VERSION "0.24"
| #define HAVE_CFPREFERENCESCOPYAPPVALUE 1
| #define HAVE_CFLOCALECOPYCURRENT 1
| #define HAVE_ICONV 1
| #define ENABLE_NLS 1
| #define HAVE_GETTEXT 1
| #define HAVE_DCGETTEXT 1
| #define STDC_HEADERS 1
| #define HAVE_SYS_TYPES_H 1
| #define HAVE_SYS_STAT_H 1
| #define HAVE_STDLIB_H 1
| #define HAVE_STRING_H 1
| #define HAVE_MEMORY_H 1
| #define HAVE_STRINGS_H 1
| #define HAVE_INTTYPES_H 1
| #define HAVE_STDINT_H 1
| #define HAVE_UNISTD_H 1
| #define HAVE_DLFCN_H 1
| #define LT_OBJDIR ".libs/"
| #define HAVE_LIBZ 1
| #define HAVE_ICONV 1
| #define ICONV_CONST 
| #define STDC_HEADERS 1
| #define HAVE_LIBINTL_H 1
| #define HAVE_LOCALE_H 1
| #define HAVE_STDINT_H 1
| #define HAVE_STDLIB_H 1
| #define HAVE_STRING_H 1
| #define HAVE_UNISTD_H 1
| #define HAVE_SYS_MMAN_H 1
| #define HAVE_UTIME_H 1
| #define HAVE__BOOL 1
| #define HAVE_STDBOOL_H 1
| /* end confdefs.h.  */
| #include <stdio.h>
| #ifdef HAVE_SYS_TYPES_H
| # include <sys/types.h>
| #endif
| #ifdef HAVE_SYS_STAT_H
| # include <sys/stat.h>
| #endif
| #ifdef STDC_HEADERS
| # include <stdlib.h>
| # include <stddef.h>
| #else
| # ifdef HAVE_STDLIB_H
| #  include <stdlib.h>
| # endif
| #endif
| #ifdef HAVE_STRING_H
| # if !defined STDC_HEADERS && defined HAVE_MEMORY_H
| #  include <memory.h>
| # endif
| # include <string.h>
| #endif
| #ifdef HAVE_STRINGS_H
| # include <strings.h>
| #endif
| #ifdef HAVE_INTTYPES_H
| # include <inttypes.h>
| #endif
| #ifdef HAVE_STDINT_H
| # include <stdint.h>
| #endif
| #ifdef HAVE_UNISTD_H
| # include <unistd.h>
| #endif
| int
| main ()
| {
| if (sizeof ((size_t)))
| 	    return 0;
|   ;
|   return 0;
| }
configure:16326: result: yes
configure:16337: checking whether struct tm is in sys/time.h or time.h
configure:16357: gcc -c -O2 -I/usr/local/include -I/usr/local/include conftest.c >&5
configure:16357: $? = 0
configure:16364: result: time.h
configure:16392: checking for stdlib.h
configure:16392: result: yes
configure:16392: checking for unistd.h
configure:16392: result: yes
configure:16392: checking for sys/param.h
configure:16392: gcc -c -O2 -I/usr/local/include -I/usr/local/include conftest.c >&5
configure:16392: $? = 0
configure:16392: result: yes
configure:16412: checking for getpagesize
configure:16412: gcc -o conftest -O2 -I/usr/local/include -I/usr/local/include  -L/usr/local/lib conftest.c -lz   >&5
configure:16412: $? = 0
configure:16412: result: yes
configure:16421: checking for working mmap
configure:16568: gcc -o conftest -O2 -I/usr/local/include -I/usr/local/include  -L/usr/local/lib conftest.c -lz   >&5
configure:16568: $? = 0
configure:16568: ./conftest
configure:16568: $? = 0
configure:16578: result: yes
configure:16587: checking whether strerror_r is declared
configure:16587: gcc -c -O2 -I/usr/local/include -I/usr/local/include conftest.c >&5
configure:16587: $? = 0
configure:16587: result: yes
configure:16600: checking for strerror_r
configure:16600: gcc -o conftest -O2 -I/usr/local/include -I/usr/local/include  -L/usr/local/lib conftest.c -lz   >&5
configure:16600: $? = 0
configure:16600: result: yes
configure:16609: checking whether strerror_r returns char *
configure:16633: gcc -c -O2 -I/usr/local/include -I/usr/local/include conftest.c >&5
conftest.c:88:13: error: indirection requires pointer operand ('int' invalid)
          char x = *strerror_r (0, buf, sizeof buf);
                   ^~~~~~~~~~~~~~~~~~~~~~~~~~~~~~~~
conftest.c:89:10: warning: incompatible integer to pointer conversion initializing 'char *' with an expression of type 'int' [-Wint-conversion]
          char *p = strerror_r (0, buf, sizeof buf);
                ^   ~~~~~~~~~~~~~~~~~~~~~~~~~~~~~~~
1 warning and 1 error generated.
configure:16633: $? = 1
configure: failed program was:
| /* confdefs.h */
| #define PACKAGE_NAME "exiv2"
| #define PACKAGE_TARNAME "exiv2"
| #define PACKAGE_VERSION "0.24"
| #define PACKAGE_STRING "exiv2 0.24"
| #define PACKAGE_BUGREPORT "ahuggel@gmx.net"
| #define PACKAGE_URL ""
| #define PACKAGE "exiv2"
| #define VERSION "0.24"
| #define HAVE_CFPREFERENCESCOPYAPPVALUE 1
| #define HAVE_CFLOCALECOPYCURRENT 1
| #define HAVE_ICONV 1
| #define ENABLE_NLS 1
| #define HAVE_GETTEXT 1
| #define HAVE_DCGETTEXT 1
| #define STDC_HEADERS 1
| #define HAVE_SYS_TYPES_H 1
| #define HAVE_SYS_STAT_H 1
| #define HAVE_STDLIB_H 1
| #define HAVE_STRING_H 1
| #define HAVE_MEMORY_H 1
| #define HAVE_STRINGS_H 1
| #define HAVE_INTTYPES_H 1
| #define HAVE_STDINT_H 1
| #define HAVE_UNISTD_H 1
| #define HAVE_DLFCN_H 1
| #define LT_OBJDIR ".libs/"
| #define HAVE_LIBZ 1
| #define HAVE_ICONV 1
| #define ICONV_CONST 
| #define STDC_HEADERS 1
| #define HAVE_LIBINTL_H 1
| #define HAVE_LOCALE_H 1
| #define HAVE_STDINT_H 1
| #define HAVE_STDLIB_H 1
| #define HAVE_STRING_H 1
| #define HAVE_UNISTD_H 1
| #define HAVE_SYS_MMAN_H 1
| #define HAVE_UTIME_H 1
| #define HAVE__BOOL 1
| #define HAVE_STDBOOL_H 1
| #define HAVE_STDLIB_H 1
| #define HAVE_UNISTD_H 1
| #define HAVE_SYS_PARAM_H 1
| #define HAVE_GETPAGESIZE 1
| #define HAVE_MMAP 1
| #define HAVE_DECL_STRERROR_R 1
| #define HAVE_STRERROR_R 1
| /* end confdefs.h.  */
| #include <stdio.h>
| #ifdef HAVE_SYS_TYPES_H
| # include <sys/types.h>
| #endif
| #ifdef HAVE_SYS_STAT_H
| # include <sys/stat.h>
| #endif
| #ifdef STDC_HEADERS
| # include <stdlib.h>
| # include <stddef.h>
| #else
| # ifdef HAVE_STDLIB_H
| #  include <stdlib.h>
| # endif
| #endif
| #ifdef HAVE_STRING_H
| # if !defined STDC_HEADERS && defined HAVE_MEMORY_H
| #  include <memory.h>
| # endif
| # include <string.h>
| #endif
| #ifdef HAVE_STRINGS_H
| # include <strings.h>
| #endif
| #ifdef HAVE_INTTYPES_H
| # include <inttypes.h>
| #endif
| #ifdef HAVE_STDINT_H
| # include <stdint.h>
| #endif
| #ifdef HAVE_UNISTD_H
| # include <unistd.h>
| #endif
| int
| main ()
| {
| 
| 	  char buf[100];
| 	  char x = *strerror_r (0, buf, sizeof buf);
| 	  char *p = strerror_r (0, buf, sizeof buf);
| 	  return !p || x;
| 
|   ;
|   return 0;
| }
configure:16671: result: no
configure:16682: checking for gmtime_r
configure:16682: gcc -o conftest -O2 -I/usr/local/include -I/usr/local/include  -L/usr/local/lib conftest.c -lz   >&5
configure:16682: $? = 0
configure:16682: result: yes
configure:16682: checking for lstat
configure:16682: gcc -o conftest -O2 -I/usr/local/include -I/usr/local/include  -L/usr/local/lib conftest.c -lz   >&5
configure:16682: $? = 0
configure:16682: result: yes
configure:16682: checking for memset
configure:16682: gcc -o conftest -O2 -I/usr/local/include -I/usr/local/include  -L/usr/local/lib conftest.c -lz   >&5
conftest.c:75:6: warning: incompatible redeclaration of library function 'memset' [-Wincompatible-library-redeclaration]
char memset ();
     ^
conftest.c:75:6: note: 'memset' is a builtin with type 'void *(void *, int, unsigned long)'
1 warning generated.
configure:16682: $? = 0
configure:16682: result: yes
configure:16682: checking for mmap
configure:16682: gcc -o conftest -O2 -I/usr/local/include -I/usr/local/include  -L/usr/local/lib conftest.c -lz   >&5
configure:16682: $? = 0
configure:16682: result: yes
configure:16682: checking for munmap
configure:16682: gcc -o conftest -O2 -I/usr/local/include -I/usr/local/include  -L/usr/local/lib conftest.c -lz   >&5
configure:16682: $? = 0
configure:16682: result: yes
configure:16682: checking for strchr
configure:16682: gcc -o conftest -O2 -I/usr/local/include -I/usr/local/include  -L/usr/local/lib conftest.c -lz   >&5
conftest.c:78:6: warning: incompatible redeclaration of library function 'strchr' [-Wincompatible-library-redeclaration]
char strchr ();
     ^
conftest.c:78:6: note: 'strchr' is a builtin with type 'char *(const char *, int)'
1 warning generated.
configure:16682: $? = 0
configure:16682: result: yes
configure:16682: checking for strerror
configure:16682: gcc -o conftest -O2 -I/usr/local/include -I/usr/local/include  -L/usr/local/lib conftest.c -lz   >&5
conftest.c:79:6: warning: incompatible redeclaration of library function 'strerror' [-Wincompatible-library-redeclaration]
char strerror ();
     ^
conftest.c:79:6: note: 'strerror' is a builtin with type 'char *(int)'
1 warning generated.
configure:16682: $? = 0
configure:16682: result: yes
configure:16682: checking for strtol
configure:16682: gcc -o conftest -O2 -I/usr/local/include -I/usr/local/include  -L/usr/local/lib conftest.c -lz   >&5
configure:16682: $? = 0
configure:16682: result: yes
configure:16693: checking for timegm
configure:16693: gcc -o conftest -O2 -I/usr/local/include -I/usr/local/include  -L/usr/local/lib conftest.c -lz   >&5
configure:16693: $? = 0
configure:16693: result: yes
configure:16708: checking whether to enable dependency tracking
configure:16717: result: yes
configure:16726: checking whether to enable symbol visibility support
configure:16740: result: yes
configure:16751: checking whether the C++ compiler accepts the -xldscope=hidden flag
configure:16780: g++ -c -O2 -xldscope=hidden -I/usr/local/include -I/usr/local/include conftest.cpp >&5
clang: error: language not recognized: 'ldscope=hidden'
clang: warning: conftest.cpp: 'linker' input unused
configure:16780: $? = 1
configure: failed program was:
| /* confdefs.h */
| #define PACKAGE_NAME "exiv2"
| #define PACKAGE_TARNAME "exiv2"
| #define PACKAGE_VERSION "0.24"
| #define PACKAGE_STRING "exiv2 0.24"
| #define PACKAGE_BUGREPORT "ahuggel@gmx.net"
| #define PACKAGE_URL ""
| #define PACKAGE "exiv2"
| #define VERSION "0.24"
| #define HAVE_CFPREFERENCESCOPYAPPVALUE 1
| #define HAVE_CFLOCALECOPYCURRENT 1
| #define HAVE_ICONV 1
| #define ENABLE_NLS 1
| #define HAVE_GETTEXT 1
| #define HAVE_DCGETTEXT 1
| #define STDC_HEADERS 1
| #define HAVE_SYS_TYPES_H 1
| #define HAVE_SYS_STAT_H 1
| #define HAVE_STDLIB_H 1
| #define HAVE_STRING_H 1
| #define HAVE_MEMORY_H 1
| #define HAVE_STRINGS_H 1
| #define HAVE_INTTYPES_H 1
| #define HAVE_STDINT_H 1
| #define HAVE_UNISTD_H 1
| #define HAVE_DLFCN_H 1
| #define LT_OBJDIR ".libs/"
| #define HAVE_LIBZ 1
| #define HAVE_ICONV 1
| #define ICONV_CONST 
| #define STDC_HEADERS 1
| #define HAVE_LIBINTL_H 1
| #define HAVE_LOCALE_H 1
| #define HAVE_STDINT_H 1
| #define HAVE_STDLIB_H 1
| #define HAVE_STRING_H 1
| #define HAVE_UNISTD_H 1
| #define HAVE_SYS_MMAN_H 1
| #define HAVE_UTIME_H 1
| #define HAVE__BOOL 1
| #define HAVE_STDBOOL_H 1
| #define HAVE_STDLIB_H 1
| #define HAVE_UNISTD_H 1
| #define HAVE_SYS_PARAM_H 1
| #define HAVE_GETPAGESIZE 1
| #define HAVE_MMAP 1
| #define HAVE_DECL_STRERROR_R 1
| #define HAVE_STRERROR_R 1
| #define HAVE_GMTIME_R 1
| #define HAVE_LSTAT 1
| #define HAVE_MEMSET 1
| #define HAVE_MMAP 1
| #define HAVE_MUNMAP 1
| #define HAVE_STRCHR 1
| #define HAVE_STRERROR 1
| #define HAVE_STRTOL 1
| #define HAVE_TIMEGM 1
| /* end confdefs.h.  */
| 
| 
| int
| main ()
| {
| 
|   ;
|   return 0;
| }
| 
configure:16803: result: no
configure:16829: checking whether the C++ compiler accepts the -fvisibility-inlines-hidden flag
configure:16858: g++ -c -O2 -fvisibility-inlines-hidden -I/usr/local/include -I/usr/local/include conftest.cpp >&5
configure:16858: $? = 0
configure:16881: result: yes
configure:16910: checking whether to use the lens database for Nikon lens names
configure:16919: result: yes
configure:16926: checking whether to compile a commercial version of the Exiv2 library
configure:16935: result: no
configure:16940: checking whether to enable XMP support (requires expat)
configure:16949: result: yes
configure:16979: checking expat.h usability
configure:16979: gcc -c -O2 -I/usr/local/include -I/usr/local/include conftest.c >&5
configure:16979: $? = 0
configure:16979: result: yes
configure:16979: checking expat.h presence
configure:16979: gcc -E -I/usr/local/include -I/usr/local/include conftest.c
configure:16979: $? = 0
configure:16979: result: yes
configure:16979: checking for expat.h
configure:16979: result: yes
configure:16984: checking for XML_ParserCreate in -lexpat
configure:17009: gcc -o conftest -O2 -I/usr/local/include -I/usr/local/include  -L/usr/local/lib conftest.c -lexpat  -lz   >&5
configure:17009: $? = 0
configure:17018: result: yes
configure:17207: creating ./config.status

## ---------------------- ##
## Running config.status. ##
## ---------------------- ##

This file was extended by exiv2 config.status 0.24, which was
generated by GNU Autoconf 2.69.  Invocation command line was

  CONFIG_FILES    = 
  CONFIG_HEADERS  = 
  CONFIG_LINKS    = 
  CONFIG_COMMANDS = 
  $ ./config.status 

on rmills-mbp.local

config.status:1166: creating ./Makefile
config.status:1166: creating ./config/config.mk
config.status:1166: creating ./config/exiv2.pc
config.status:1166: creating ./po/Makefile.in
config.status:1166: creating ./src/doxygen.hpp
config.status:1166: creating ./config/config.h
config.status:1355: executing default-1 commands
config.status:1355: executing libtool commands

## ---------------- ##
## Cache variables. ##
## ---------------- ##

ac_cv_build=x86_64-apple-darwin13.0.0
ac_cv_c_compiler_gnu=yes
ac_cv_c_const=yes
ac_cv_c_inline=inline
ac_cv_cxx_compiler_gnu=yes
ac_cv_env_CCC_set=
ac_cv_env_CCC_value=
ac_cv_env_CC_set=
ac_cv_env_CC_value=
ac_cv_env_CFLAGS_set=
ac_cv_env_CFLAGS_value=
ac_cv_env_CPPFLAGS_set=
ac_cv_env_CPPFLAGS_value=
ac_cv_env_CPP_set=
ac_cv_env_CPP_value=
ac_cv_env_CXXCPP_set=
ac_cv_env_CXXCPP_value=
ac_cv_env_CXXFLAGS_set=
ac_cv_env_CXXFLAGS_value=
ac_cv_env_CXX_set=
ac_cv_env_CXX_value=
ac_cv_env_LDFLAGS_set=
ac_cv_env_LDFLAGS_value=
ac_cv_env_LIBS_set=
ac_cv_env_LIBS_value=
ac_cv_env_build_alias_set=
ac_cv_env_build_alias_value=
ac_cv_env_host_alias_set=
ac_cv_env_host_alias_value=
ac_cv_env_target_alias_set=
ac_cv_env_target_alias_value=
ac_cv_func_getpagesize=yes
ac_cv_func_gmtime_r=yes
ac_cv_func_lstat=yes
ac_cv_func_memset=yes
ac_cv_func_mmap=yes
ac_cv_func_mmap_fixed_mapped=yes
ac_cv_func_munmap=yes
ac_cv_func_strchr=yes
ac_cv_func_strerror=yes
ac_cv_func_strerror_r=yes
ac_cv_func_strerror_r_char_p=no
ac_cv_func_strtol=yes
ac_cv_func_timegm=yes
ac_cv_have_decl_strerror_r=yes
ac_cv_header_dlfcn_h=yes
ac_cv_header_expat_h=yes
ac_cv_header_inttypes_h=yes
ac_cv_header_libintl_h=yes
ac_cv_header_locale_h=yes
ac_cv_header_malloc_h=no
ac_cv_header_memory_h=yes
ac_cv_header_stdbool_h=yes
ac_cv_header_stdc=yes
ac_cv_header_stdint_h=yes
ac_cv_header_stdlib_h=yes
ac_cv_header_string_h=yes
ac_cv_header_strings_h=yes
ac_cv_header_sys_mman_h=yes
ac_cv_header_sys_param_h=yes
ac_cv_header_sys_stat_h=yes
ac_cv_header_sys_types_h=yes
ac_cv_header_unistd_h=yes
ac_cv_header_utime_h=yes
ac_cv_header_zlib_h=yes
ac_cv_host=x86_64-apple-darwin13.0.0
ac_cv_lib_expat_XML_ParserCreate=yes
ac_cv_lib_z_inflateEnd=yes
ac_cv_objext=o
ac_cv_path_EGREP='/usr/bin/grep -E'
ac_cv_path_FGREP='/usr/bin/grep -F'
ac_cv_path_GMSGFMT=/usr/local/bin/msgfmt
ac_cv_path_GREP=/usr/bin/grep
ac_cv_path_MSGFMT=/usr/local/bin/msgfmt
ac_cv_path_MSGMERGE=/usr/local/bin/msgmerge
ac_cv_path_SED=/usr/bin/sed
ac_cv_path_XGETTEXT=/usr/local/bin/xgettext
ac_cv_path_install='/usr/bin/install -c'
ac_cv_prog_CPP='gcc -E'
ac_cv_prog_CXXCPP='g++ -E'
ac_cv_prog_ac_ct_AR=ar
ac_cv_prog_ac_ct_CC=gcc
ac_cv_prog_ac_ct_CXX=g++
ac_cv_prog_ac_ct_DSYMUTIL=dsymutil
ac_cv_prog_ac_ct_LIPO=lipo
ac_cv_prog_ac_ct_NMEDIT=nmedit
ac_cv_prog_ac_ct_OBJDUMP=objdump
ac_cv_prog_ac_ct_OTOOL=otool
ac_cv_prog_ac_ct_RANLIB=ranlib
ac_cv_prog_ac_ct_STRIP=strip
ac_cv_prog_cc_c89=
ac_cv_prog_cc_g=no
ac_cv_prog_cxx_g=no
ac_cv_prog_make_make_set=yes
ac_cv_struct_tm=time.h
ac_cv_type__Bool=yes
ac_cv_type_pid_t=yes
ac_cv_type_size_t=yes
acl_cv_hardcode_direct=no
acl_cv_hardcode_libdir_flag_spec=
acl_cv_hardcode_libdir_separator=
acl_cv_hardcode_minus_L=no
acl_cv_libext=a
acl_cv_libname_spec='lib$name'
acl_cv_library_names_spec='$libname$shrext'
acl_cv_path_LD=/Applications/Xcode.app/Contents/Developer/Toolchains/XcodeDefault.xctoolchain/usr/bin/ld
acl_cv_prog_gnu_ld=no
acl_cv_rpath=done
acl_cv_shlibext=dylib
acl_cv_wl=-Wl,
am_cv_func_iconv=yes
am_cv_lib_iconv=yes
am_cv_proto_iconv='extern size_t iconv (iconv_t cd, char * *inbuf, size_t *inbytesleft, char * *outbuf, size_t *outbytesleft);'
am_cv_proto_iconv_arg1=
ax_cv_cxx_check_flag__fvisibility_inlines_hidden=yes
ax_cv_cxx_check_flag__xldscope_hidden=no
gt_cv_func_CFLocaleCopyCurrent=yes
gt_cv_func_CFPreferencesCopyAppValue=yes
gt_cv_func_gnugettext1_libc=no
gt_cv_func_gnugettext1_libintl=yes
lt_cv_apple_cc_single_mod=yes
lt_cv_deplibs_check_method=pass_all
lt_cv_file_magic_cmd='$MAGIC_CMD'
lt_cv_file_magic_test_file=
lt_cv_ld_exported_symbols_list=yes
lt_cv_ld_reload_flag=-r
lt_cv_nm_interface='BSD nm'
lt_cv_objdir=.libs
lt_cv_path_LD=/Applications/Xcode.app/Contents/Developer/Toolchains/XcodeDefault.xctoolchain/usr/bin/ld
lt_cv_path_LDCXX=/Applications/Xcode.app/Contents/Developer/Toolchains/XcodeDefault.xctoolchain/usr/bin/ld
lt_cv_path_NM='/usr/local/bin/nm -B'
lt_cv_prog_compiler_c_o=yes
lt_cv_prog_compiler_c_o_CXX=yes
lt_cv_prog_compiler_pic_works=yes
lt_cv_prog_compiler_pic_works_CXX=yes
lt_cv_prog_compiler_rtti_exceptions=yes
lt_cv_prog_compiler_static_works=no
lt_cv_prog_compiler_static_works_CXX=no
lt_cv_prog_gnu_ld=no
lt_cv_prog_gnu_ldcxx=no
lt_cv_sys_global_symbol_pipe='sed -n -e '\''s/^.*[	 ]\([ABCDGIRSTW][ABCDGIRSTW]*\)[	 ][	 ]*_\([_A-Za-z][_A-Za-z0-9]*\)$/\1 _\2 \2/p'\'''
lt_cv_sys_global_symbol_to_c_name_address='sed -n -e '\''s/^: \([^ ]*\) $/  {\"\1\", (void *) 0},/p'\'' -e '\''s/^[ABCDGIRSTW]* \([^ ]*\) \([^ ]*\)$/  {"\2", (void *) \&\2},/p'\'''
lt_cv_sys_global_symbol_to_c_name_address_lib_prefix='sed -n -e '\''s/^: \([^ ]*\) $/  {\"\1\", (void *) 0},/p'\'' -e '\''s/^[ABCDGIRSTW]* \([^ ]*\) \(lib[^ ]*\)$/  {"\2", (void *) \&\2},/p'\'' -e '\''s/^[ABCDGIRSTW]* \([^ ]*\) \([^ ]*\)$/  {"lib\2", (void *) \&\2},/p'\'''
lt_cv_sys_global_symbol_to_cdecl='sed -n -e '\''s/^T .* \(.*\)$/extern int \1();/p'\'' -e '\''s/^[ABCDGIRSTW]* .* \(.*\)$/extern char \1;/p'\'''
lt_cv_sys_max_cmd_len=196608
zlib_cv_libz=yes
zlib_cv_zlib_h=yes

## ----------------- ##
## Output variables. ##
## ----------------- ##

AR='ar'
CC='gcc'
CFLAGS='-O2'
COMMERCIAL_VERSION='no'
CPP='gcc -E'
CPPFLAGS='-I/usr/local/include -I/usr/local/include'
CXX='g++'
CXXCPP='g++ -E'
CXXFLAGS='-O2 -fvisibility=hidden -fvisibility-inlines-hidden'
DEFS='-DHAVE_CONFIG_H'
DEP_TRACKING='1'
DSYMUTIL='dsymutil'
DUMPBIN=''
ECHO_C='\c'
ECHO_N=''
ECHO_T=''
EGREP='/usr/bin/grep -E'
ENABLE_XMP='1'
EXEEXT=''
EXIV2_LTVERSION='13:0:0'
EXPAT_CPPFLAGS=''
EXPAT_LDFLAGS=''
EXPAT_LIBS='-lexpat'
EXV_LIBPSAPI=''
EXV_LIB_STATIC=''
FGREP='/usr/bin/grep -F'
GCC='yes'
GMSGFMT='/usr/local/bin/msgfmt'
GREP='/usr/bin/grep'
GXX='yes'
HAVE_LIBZ='1'
HAVE_TIMEGM='1'
INSTALL_DATA='${INSTALL} -m 644'
INSTALL_PROGRAM='${INSTALL}'
INSTALL_SCRIPT='${INSTALL}'
INTLLIBS='-L/usr/local/lib -lintl -liconv -lc -Wl,-framework -Wl,CoreFoundation'
INTL_MACOSX_LIBS='-Wl,-framework -Wl,CoreFoundation'
LD='/Applications/Xcode.app/Contents/Developer/Toolchains/XcodeDefault.xctoolchain/usr/bin/ld'
LDFLAGS=' -L/usr/local/lib -ldl'
LIBICONV='-liconv'
LIBINTL='-L/usr/local/lib -lintl -liconv -lc -Wl,-framework -Wl,CoreFoundation'
LIBM=''
LIBOBJS=''
LIBS='-lz  '
LIBTOOL='$(SHELL) $(top_builddir)/libtool'
LIBTOOL_DEPS='./config/ltmain.sh'
LIPO='lipo'
LN_S='ln -s'
LTLIBICONV='-liconv'
LTLIBINTL='-L/usr/local/lib -lintl -liconv -lc -R/usr/local/lib -Wl,-framework -Wl,CoreFoundation'
LTLIBOBJS=''
MKINSTALLDIRS='$(top_builddir)/./config/mkinstalldirs'
MSGFMT='/usr/local/bin/msgfmt'
MSGMERGE='/usr/local/bin/msgmerge'
NM='/usr/local/bin/nm -B'
NMEDIT='nmedit'
OBJDUMP='objdump'
OBJEXT='o'
OTOOL64=':'
OTOOL='otool'
PACKAGE='exiv2'
PACKAGE_BUGREPORT='ahuggel@gmx.net'
PACKAGE_NAME='exiv2'
PACKAGE_STRING='exiv2 0.24'
PACKAGE_TARNAME='exiv2'
PACKAGE_URL=''
PACKAGE_VERSION='0.24'
PATH_SEPARATOR=':'
POSUB='po'
RANLIB='ranlib'
SED='/usr/bin/sed'
SET_MAKE=''
SHELL='/bin/sh'
STRIP='strip'
USE_NLS='yes'
VERSION='0.24'
XGETTEXT='/usr/local/bin/xgettext'
ac_ct_CC='gcc'
ac_ct_CXX='g++'
ac_ct_DUMPBIN=''
bindir='${exec_prefix}/bin'
build='x86_64-apple-darwin13.0.0'
build_alias=''
build_cpu='x86_64'
build_os='darwin13.0.0'
build_vendor='apple'
datadir='${datarootdir}'
datarootdir='${prefix}/share'
docdir='${datarootdir}/doc/${PACKAGE_TARNAME}'
dvidir='${docdir}'
exec_prefix='${prefix}'
host='x86_64-apple-darwin13.0.0'
host_alias=''
host_cpu='x86_64'
host_os='darwin13.0.0'
host_vendor='apple'
htmldir='${docdir}'
includedir='${prefix}/include'
infodir='${datarootdir}/info'
libdir='${exec_prefix}/lib'
libexecdir='${exec_prefix}/libexec'
localedir='${datarootdir}/locale'
localstatedir='${prefix}/var'
lt_ECHO='/bin/echo'
mandir='${datarootdir}/man'
oldincludedir='/usr/include'
pdfdir='${docdir}'
prefix='/usr/local'
program_transform_name='s,x,x,'
psdir='${docdir}'
sbindir='${exec_prefix}/sbin'
sharedstatedir='${prefix}/com'
sysconfdir='${prefix}/etc'
target_alias=''

## ----------- ##
## confdefs.h. ##
## ----------- ##

/* confdefs.h */
#define PACKAGE_NAME "exiv2"
#define PACKAGE_TARNAME "exiv2"
#define PACKAGE_VERSION "0.24"
#define PACKAGE_STRING "exiv2 0.24"
#define PACKAGE_BUGREPORT "ahuggel@gmx.net"
#define PACKAGE_URL ""
#define PACKAGE "exiv2"
#define VERSION "0.24"
#define HAVE_CFPREFERENCESCOPYAPPVALUE 1
#define HAVE_CFLOCALECOPYCURRENT 1
#define HAVE_ICONV 1
#define ENABLE_NLS 1
#define HAVE_GETTEXT 1
#define HAVE_DCGETTEXT 1
#define STDC_HEADERS 1
#define HAVE_SYS_TYPES_H 1
#define HAVE_SYS_STAT_H 1
#define HAVE_STDLIB_H 1
#define HAVE_STRING_H 1
#define HAVE_MEMORY_H 1
#define HAVE_STRINGS_H 1
#define HAVE_INTTYPES_H 1
#define HAVE_STDINT_H 1
#define HAVE_UNISTD_H 1
#define HAVE_DLFCN_H 1
#define LT_OBJDIR ".libs/"
#define HAVE_LIBZ 1
#define HAVE_ICONV 1
#define ICONV_CONST 
#define STDC_HEADERS 1
#define HAVE_LIBINTL_H 1
#define HAVE_LOCALE_H 1
#define HAVE_STDINT_H 1
#define HAVE_STDLIB_H 1
#define HAVE_STRING_H 1
#define HAVE_UNISTD_H 1
#define HAVE_SYS_MMAN_H 1
#define HAVE_UTIME_H 1
#define HAVE__BOOL 1
#define HAVE_STDBOOL_H 1
#define HAVE_STDLIB_H 1
#define HAVE_UNISTD_H 1
#define HAVE_SYS_PARAM_H 1
#define HAVE_GETPAGESIZE 1
#define HAVE_MMAP 1
#define HAVE_DECL_STRERROR_R 1
#define HAVE_STRERROR_R 1
#define HAVE_GMTIME_R 1
#define HAVE_LSTAT 1
#define HAVE_MEMSET 1
#define HAVE_MMAP 1
#define HAVE_MUNMAP 1
#define HAVE_STRCHR 1
#define HAVE_STRERROR 1
#define HAVE_STRTOL 1
#define HAVE_TIMEGM 1
#define WANT_VISIBILITY_SUPPORT 1
#define HAVE_DLL 1
#define HAVE_LENSDATA 1
#define HAVE_EXPAT_H 1
#define HAVE_EXPAT /**/
#define HAVE_XMP_TOOLKIT 1

configure: exit 0
