This file contains any messages produced by compilers while
running configure, to aid debugging if configure makes a mistake.

It was created by exiv2 configure 0.23, which was
generated by GNU Autoconf 2.65.  Invocation command line was

  $ ./configure CXXFLAGS=-ggdb --disable-nls

## --------- ##
## Platform. ##
## --------- ##

hostname = rmills-imac.local
uname -m = x86_64
uname -r = 12.2.0
uname -s = Darwin
uname -v = Darwin Kernel Version 12.2.0: Sat Aug 25 00:48:52 PDT 2012; root:xnu-2050.18.24~1/RELEASE_X86_64

/usr/bin/uname -p = i386
/bin/uname -X     = unknown

/bin/arch              = unknown
/usr/bin/arch -k       = unknown
/usr/convex/getsysinfo = unknown
/usr/bin/hostinfo      = Mach kernel version:
	 Darwin Kernel Version 12.2.0: Sat Aug 25 00:48:52 PDT 2012; root:xnu-2050.18.24~1/RELEASE_X86_64
Kernel configured for up to 2 processors.
2 processors are physically available.
2 processors are logically available.
Processor type: i486 (Intel 80486)
Processors active: 0 1
Primary memory available: 4.00 gigabytes
Default processor set: 176 tasks, 723 threads, 2 processors
Load average: 1.67, Mach factor: 0.81
/bin/machine           = unknown
/usr/bin/oslevel       = unknown
/bin/universe          = unknown

PATH: /opt/local/bin
PATH: /opt/local/sbin
PATH: .
PATH: /Users/rmills/bin
PATH: /Users/rmills/bin/macosx
PATH: /sbin
PATH: /usr/sbin
PATH: /opt/subversion/bin
PATH: /usr/local/bin
PATH: /usr/X11R6/bin
PATH: /Developer/Tools
PATH: /usr/bin
PATH: /bin
PATH: /usr/sbin
PATH: /sbin
PATH: /usr/local/bin
PATH: /opt/X11/bin
PATH: /Applications/Server.app/Contents/ServerRoot/usr/bin
PATH: /Applications/Server.app/Contents/ServerRoot/usr/sbin
PATH: /opt/ImageMagick/bin
PATH: /bin
PATH: /System/Library/Frameworks/Python.framework/Versions/2.7/bin/
PATH: /Developer/usr/bin
PATH: /usr/libexec
PATH: /opt/local/bin
PATH: /opt/local/sbin
PATH: /opt/pkgconfig/bin


## ----------- ##
## Core tests. ##
## ----------- ##

configure:2656: checking for g++
configure:2672: found /usr/bin/g++
configure:2683: result: g++
configure:2710: checking for C++ compiler version
configure:2719: g++ --version >&5
i686-apple-darwin11-llvm-g++-4.2 (GCC) 4.2.1 (Based on Apple Inc. build 5658) (LLVM build 2336.11.00)
Copyright (C) 2007 Free Software Foundation, Inc.
This is free software; see the source for copying conditions.  There is NO
warranty; not even for MERCHANTABILITY or FITNESS FOR A PARTICULAR PURPOSE.

configure:2730: $? = 0
configure:2719: g++ -v >&5
Using built-in specs.
Target: i686-apple-darwin11
Configured with: /private/var/tmp/llvmgcc42/llvmgcc42-2336.11~67/src/configure --disable-checking --enable-werror --prefix=/Applications/Xcode.app/Contents/Developer/usr/llvm-gcc-4.2 --mandir=/share/man --enable-languages=c,objc,c++,obj-c++ --program-prefix=llvm- --program-transform-name=/^[cg][^.-]*$/s/$/-4.2/ --with-slibdir=/usr/lib --build=i686-apple-darwin11 --enable-llvm=/private/var/tmp/llvmgcc42/llvmgcc42-2336.11~67/dst-llvmCore/Developer/usr/local --program-prefix=i686-apple-darwin11- --host=x86_64-apple-darwin11 --target=i686-apple-darwin11 --with-gxx-include-dir=/usr/include/c++/4.2.1
Thread model: posix
gcc version 4.2.1 (Based on Apple Inc. build 5658) (LLVM build 2336.11.00)
configure:2730: $? = 0
configure:2719: g++ -V >&5
llvm-g++-4.2: argument to `-V' is missing
configure:2730: $? = 1
configure:2719: g++ -qversion >&5
i686-apple-darwin11-llvm-g++-4.2: no input files
configure:2730: $? = 1
configure:2750: checking whether the C++ compiler works
configure:2772: g++ -ggdb   conftest.cpp  >&5
configure:2776: $? = 0
configure:2825: result: yes
configure:2828: checking for C++ compiler default output file name
configure:2830: result: a.out
configure:2836: checking for suffix of executables
configure:2843: g++ -o conftest -ggdb   conftest.cpp  >&5
configure:2847: $? = 0
configure:2869: result: 
configure:2891: checking whether we are cross compiling
configure:2899: g++ -o conftest -ggdb   conftest.cpp  >&5
configure:2903: $? = 0
configure:2910: ./conftest
configure:2914: $? = 0
configure:2929: result: no
configure:2934: checking for suffix of object files
configure:2956: g++ -c -ggdb  conftest.cpp >&5
configure:2960: $? = 0
configure:2981: result: o
configure:2985: checking whether we are using the GNU C++ compiler
configure:3004: g++ -c -ggdb  conftest.cpp >&5
configure:3004: $? = 0
configure:3013: result: yes
configure:3022: checking whether g++ accepts -g
configure:3083: result: no
configure:3111: checking how to run the C++ preprocessor
configure:3138: g++ -E  conftest.cpp
configure:3138: $? = 0
configure:3152: g++ -E  conftest.cpp
conftest.cpp:11:28: error: ac_nonexistent.h: No such file or directory
configure:3152: $? = 1
configure: failed program was:
| /* confdefs.h */
| #define PACKAGE_NAME "exiv2"
| #define PACKAGE_TARNAME "exiv2"
| #define PACKAGE_VERSION "0.23"
| #define PACKAGE_STRING "exiv2 0.23"
| #define PACKAGE_BUGREPORT "ahuggel@gmx.net"
| #define PACKAGE_URL ""
| #define PACKAGE "exiv2"
| #define VERSION "0.23"
| /* end confdefs.h.  */
| #include <ac_nonexistent.h>
configure:3177: result: g++ -E
configure:3197: g++ -E  conftest.cpp
configure:3197: $? = 0
configure:3211: g++ -E  conftest.cpp
conftest.cpp:11:28: error: ac_nonexistent.h: No such file or directory
configure:3211: $? = 1
configure: failed program was:
| /* confdefs.h */
| #define PACKAGE_NAME "exiv2"
| #define PACKAGE_TARNAME "exiv2"
| #define PACKAGE_VERSION "0.23"
| #define PACKAGE_STRING "exiv2 0.23"
| #define PACKAGE_BUGREPORT "ahuggel@gmx.net"
| #define PACKAGE_URL ""
| #define PACKAGE "exiv2"
| #define VERSION "0.23"
| /* end confdefs.h.  */
| #include <ac_nonexistent.h>
configure:3289: checking for gcc
configure:3305: found /usr/bin/gcc
configure:3316: result: gcc
configure:3545: checking for C compiler version
configure:3554: gcc --version >&5
i686-apple-darwin11-llvm-gcc-4.2 (GCC) 4.2.1 (Based on Apple Inc. build 5658) (LLVM build 2336.11.00)
Copyright (C) 2007 Free Software Foundation, Inc.
This is free software; see the source for copying conditions.  There is NO
warranty; not even for MERCHANTABILITY or FITNESS FOR A PARTICULAR PURPOSE.

configure:3565: $? = 0
configure:3554: gcc -v >&5
Using built-in specs.
Target: i686-apple-darwin11
Configured with: /private/var/tmp/llvmgcc42/llvmgcc42-2336.11~67/src/configure --disable-checking --enable-werror --prefix=/Applications/Xcode.app/Contents/Developer/usr/llvm-gcc-4.2 --mandir=/share/man --enable-languages=c,objc,c++,obj-c++ --program-prefix=llvm- --program-transform-name=/^[cg][^.-]*$/s/$/-4.2/ --with-slibdir=/usr/lib --build=i686-apple-darwin11 --enable-llvm=/private/var/tmp/llvmgcc42/llvmgcc42-2336.11~67/dst-llvmCore/Developer/usr/local --program-prefix=i686-apple-darwin11- --host=x86_64-apple-darwin11 --target=i686-apple-darwin11 --with-gxx-include-dir=/usr/include/c++/4.2.1
Thread model: posix
gcc version 4.2.1 (Based on Apple Inc. build 5658) (LLVM build 2336.11.00)
configure:3565: $? = 0
configure:3554: gcc -V >&5
llvm-gcc-4.2: argument to `-V' is missing
configure:3565: $? = 1
configure:3554: gcc -qversion >&5
i686-apple-darwin11-llvm-gcc-4.2: no input files
configure:3565: $? = 1
configure:3569: checking whether we are using the GNU C compiler
configure:3588: gcc -c   conftest.c >&5
configure:3588: $? = 0
configure:3597: result: yes
configure:3606: checking whether gcc accepts -g
configure:3667: result: no
configure:3684: checking for gcc option to accept ISO C89
configure:3748: gcc  -c -O2  conftest.c >&5
configure:3748: $? = 0
configure:3761: result: none needed
configure:3786: checking how to run the C preprocessor
configure:3817: gcc -E  conftest.c
configure:3817: $? = 0
configure:3831: gcc -E  conftest.c
conftest.c:11:28: error: ac_nonexistent.h: No such file or directory
configure:3831: $? = 1
configure: failed program was:
| /* confdefs.h */
| #define PACKAGE_NAME "exiv2"
| #define PACKAGE_TARNAME "exiv2"
| #define PACKAGE_VERSION "0.23"
| #define PACKAGE_STRING "exiv2 0.23"
| #define PACKAGE_BUGREPORT "ahuggel@gmx.net"
| #define PACKAGE_URL ""
| #define PACKAGE "exiv2"
| #define VERSION "0.23"
| /* end confdefs.h.  */
| #include <ac_nonexistent.h>
configure:3856: result: gcc -E
configure:3876: gcc -E  conftest.c
configure:3876: $? = 0
configure:3890: gcc -E  conftest.c
conftest.c:11:28: error: ac_nonexistent.h: No such file or directory
configure:3890: $? = 1
configure: failed program was:
| /* confdefs.h */
| #define PACKAGE_NAME "exiv2"
| #define PACKAGE_TARNAME "exiv2"
| #define PACKAGE_VERSION "0.23"
| #define PACKAGE_STRING "exiv2 0.23"
| #define PACKAGE_BUGREPORT "ahuggel@gmx.net"
| #define PACKAGE_URL ""
| #define PACKAGE "exiv2"
| #define VERSION "0.23"
| /* end confdefs.h.  */
| #include <ac_nonexistent.h>
configure:3932: checking for a BSD-compatible install
configure:4000: result: /usr/bin/install -c
configure:4011: checking whether ln -s works
configure:4015: result: yes
configure:4022: checking whether make sets $(MAKE)
configure:4044: result: yes
configure:4057: checking build system type
configure:4071: result: x86_64-apple-darwin12.2.0
configure:4091: checking host system type
configure:4104: result: x86_64-apple-darwin12.2.0
configure:4143: checking whether NLS is requested
configure:4152: result: no
configure:4190: checking for msgfmt
configure:4225: result: no
configure:4231: checking for gmsgfmt
configure:4262: result: :
configure:4302: checking for xgettext
configure:4337: result: no
configure:4374: checking for msgmerge
configure:4408: result: no
configure:4480: checking for ld used by GCC
configure:4544: result: /usr/llvm-gcc-4.2/libexec/gcc/i686-apple-darwin11/4.2.1/ld
configure:4551: checking if the linker (/usr/llvm-gcc-4.2/libexec/gcc/i686-apple-darwin11/4.2.1/ld) is GNU ld
configure:4564: result: no
configure:4571: checking for shared library run path origin
configure:4584: result: done
configure:5001: checking for CFPreferencesCopyAppValue
configure:5021: gcc -o conftest -O2  -I/System/Library/Frameworks/CoreFoundation.framework/Headers  conftest.c  -framework CoreFoundation >&5
configure:5021: $? = 0
configure:5031: result: yes
configure:5038: checking for CFLocaleCopyCurrent
configure:5058: gcc -o conftest -O2  -I/System/Library/Frameworks/CoreFoundation.framework/Headers  conftest.c  -framework CoreFoundation >&5
configure:5058: $? = 0
configure:5068: result: yes
configure:5083: checking whether NLS is requested
configure:5092: result: no
configure:5725: checking whether to use NLS
configure:5727: result: no
configure:5827: checking for a sed that does not truncate output
configure:5891: result: /usr/bin/sed
configure:5909: checking for grep that handles long lines and -e
configure:5967: result: /usr/bin/grep
configure:5972: checking for egrep
configure:6034: result: /usr/bin/grep -E
configure:6039: checking for fgrep
configure:6101: result: /usr/bin/grep -F
configure:6136: checking for ld used by gcc
configure:6203: result: /usr/llvm-gcc-4.2/libexec/gcc/i686-apple-darwin11/4.2.1/ld
configure:6210: checking if the linker (/usr/llvm-gcc-4.2/libexec/gcc/i686-apple-darwin11/4.2.1/ld) is GNU ld
configure:6225: result: no
configure:6237: checking for BSD- or MS-compatible name lister (nm)
configure:6286: result: /usr/bin/nm
configure:6404: checking the name lister (/usr/bin/nm) interface
configure:6411: gcc -c -O2  conftest.c >&5
configure:6414: /usr/bin/nm "conftest.o"
configure:6417: output
0000000000000000 S _some_variable
configure:6424: result: BSD nm
configure:6428: checking the maximum length of command line arguments
configure:6548: result: 196608
configure:6565: checking whether the shell understands some XSI constructs
configure:6575: result: yes
configure:6579: checking whether the shell understands "+="
configure:6585: result: yes
configure:6620: checking for /usr/llvm-gcc-4.2/libexec/gcc/i686-apple-darwin11/4.2.1/ld option to reload object files
configure:6627: result: -r
configure:6696: checking for objdump
configure:6726: result: no
configure:6755: checking how to recognize dependent libraries
configure:6951: result: pass_all
configure:7011: checking for ar
configure:7027: found /usr/bin/ar
configure:7038: result: ar
configure:7116: checking for strip
configure:7132: found /usr/bin/strip
configure:7143: result: strip
configure:7215: checking for ranlib
configure:7231: found /usr/bin/ranlib
configure:7242: result: ranlib
configure:7332: checking command to parse /usr/bin/nm output from gcc object
configure:7450: gcc -c -O2  conftest.c >&5
configure:7453: $? = 0
configure:7457: /usr/bin/nm conftest.o \| sed -n -e 's/^.*[	 ]\([BCDEGRST][BCDEGRST]*\)[	 ][	 ]*\([_A-Za-z][_A-Za-z0-9]*\)$/\1 \2 \2/p' \> conftest.nm
configure:7460: $? = 0
cannot find nm_test_var in conftest.nm
configure:7450: gcc -c -O2  conftest.c >&5
configure:7453: $? = 0
configure:7457: /usr/bin/nm conftest.o \| sed -n -e 's/^.*[	 ]\([BCDEGRST][BCDEGRST]*\)[	 ][	 ]*_\([_A-Za-z][_A-Za-z0-9]*\)$/\1 _\2 \2/p' \> conftest.nm
configure:7460: $? = 0
configure:7514: gcc -o conftest -O2   conftest.c conftstm.o >&5
configure:7517: $? = 0
configure:7555: result: ok
configure:7819: checking for dsymutil
configure:7835: found /usr/bin/dsymutil
configure:7846: result: dsymutil
configure:7911: checking for nmedit
configure:7927: found /usr/bin/nmedit
configure:7938: result: nmedit
configure:8003: checking for lipo
configure:8019: found /usr/bin/lipo
configure:8030: result: lipo
configure:8095: checking for otool
configure:8111: found /usr/bin/otool
configure:8122: result: otool
configure:8187: checking for otool64
configure:8217: result: no
configure:8262: checking for -single_module linker flag
gcc -O2  -o libconftest.dylib -dynamiclib -Wl,-single_module conftest.c
configure:8289: result: yes
configure:8291: checking for -exported_symbols_list linker flag
configure:8311: gcc -o conftest -O2   -Wl,-exported_symbols_list,conftest.sym conftest.c  >&5
configure:8311: $? = 0
configure:8321: result: yes
configure:8359: checking for ANSI C header files
configure:8379: gcc -c -O2  conftest.c >&5
configure:8379: $? = 0
configure:8452: gcc -o conftest -O2   conftest.c  >&5
configure:8452: $? = 0
configure:8452: ./conftest
configure:8452: $? = 0
configure:8463: result: yes
configure:8476: checking for sys/types.h
configure:8476: gcc -c -O2  conftest.c >&5
configure:8476: $? = 0
configure:8476: result: yes
configure:8476: checking for sys/stat.h
configure:8476: gcc -c -O2  conftest.c >&5
configure:8476: $? = 0
configure:8476: result: yes
configure:8476: checking for stdlib.h
configure:8476: gcc -c -O2  conftest.c >&5
configure:8476: $? = 0
configure:8476: result: yes
configure:8476: checking for string.h
configure:8476: gcc -c -O2  conftest.c >&5
configure:8476: $? = 0
configure:8476: result: yes
configure:8476: checking for memory.h
configure:8476: gcc -c -O2  conftest.c >&5
configure:8476: $? = 0
configure:8476: result: yes
configure:8476: checking for strings.h
configure:8476: gcc -c -O2  conftest.c >&5
configure:8476: $? = 0
configure:8476: result: yes
configure:8476: checking for inttypes.h
configure:8476: gcc -c -O2  conftest.c >&5
configure:8476: $? = 0
configure:8476: result: yes
configure:8476: checking for stdint.h
configure:8476: gcc -c -O2  conftest.c >&5
configure:8476: $? = 0
configure:8476: result: yes
configure:8476: checking for unistd.h
configure:8476: gcc -c -O2  conftest.c >&5
configure:8476: $? = 0
configure:8476: result: yes
configure:8491: checking for dlfcn.h
configure:8491: gcc -c -O2  conftest.c >&5
configure:8491: $? = 0
configure:8491: result: yes
configure:8616: checking for C++ compiler version
configure:8625: g++ --version >&5
i686-apple-darwin11-llvm-g++-4.2 (GCC) 4.2.1 (Based on Apple Inc. build 5658) (LLVM build 2336.11.00)
Copyright (C) 2007 Free Software Foundation, Inc.
This is free software; see the source for copying conditions.  There is NO
warranty; not even for MERCHANTABILITY or FITNESS FOR A PARTICULAR PURPOSE.

configure:8636: $? = 0
configure:8625: g++ -v >&5
Using built-in specs.
Target: i686-apple-darwin11
Configured with: /private/var/tmp/llvmgcc42/llvmgcc42-2336.11~67/src/configure --disable-checking --enable-werror --prefix=/Applications/Xcode.app/Contents/Developer/usr/llvm-gcc-4.2 --mandir=/share/man --enable-languages=c,objc,c++,obj-c++ --program-prefix=llvm- --program-transform-name=/^[cg][^.-]*$/s/$/-4.2/ --with-slibdir=/usr/lib --build=i686-apple-darwin11 --enable-llvm=/private/var/tmp/llvmgcc42/llvmgcc42-2336.11~67/dst-llvmCore/Developer/usr/local --program-prefix=i686-apple-darwin11- --host=x86_64-apple-darwin11 --target=i686-apple-darwin11 --with-gxx-include-dir=/usr/include/c++/4.2.1
Thread model: posix
gcc version 4.2.1 (Based on Apple Inc. build 5658) (LLVM build 2336.11.00)
configure:8636: $? = 0
configure:8625: g++ -V >&5
llvm-g++-4.2: argument to `-V' is missing
configure:8636: $? = 1
configure:8625: g++ -qversion >&5
i686-apple-darwin11-llvm-g++-4.2: no input files
configure:8636: $? = 1
configure:8640: checking whether we are using the GNU C++ compiler
configure:8668: result: yes
configure:8677: checking whether g++ accepts -g
configure:8738: result: no
configure:8769: checking how to run the C++ preprocessor
configure:8835: result: g++ -E
configure:8855: g++ -E  conftest.cpp
configure:8855: $? = 0
configure:8869: g++ -E  conftest.cpp
conftest.cpp:24:28: error: ac_nonexistent.h: No such file or directory
configure:8869: $? = 1
configure: failed program was:
| /* confdefs.h */
| #define PACKAGE_NAME "exiv2"
| #define PACKAGE_TARNAME "exiv2"
| #define PACKAGE_VERSION "0.23"
| #define PACKAGE_STRING "exiv2 0.23"
| #define PACKAGE_BUGREPORT "ahuggel@gmx.net"
| #define PACKAGE_URL ""
| #define PACKAGE "exiv2"
| #define VERSION "0.23"
| #define HAVE_CFPREFERENCESCOPYAPPVALUE 1
| #define HAVE_CFLOCALECOPYCURRENT 1
| #define STDC_HEADERS 1
| #define HAVE_SYS_TYPES_H 1
| #define HAVE_SYS_STAT_H 1
| #define HAVE_STDLIB_H 1
| #define HAVE_STRING_H 1
| #define HAVE_MEMORY_H 1
| #define HAVE_STRINGS_H 1
| #define HAVE_INTTYPES_H 1
| #define HAVE_STDINT_H 1
| #define HAVE_UNISTD_H 1
| #define HAVE_DLFCN_H 1
| /* end confdefs.h.  */
| #include <ac_nonexistent.h>
configure:9075: checking for objdir
configure:9090: result: .libs
configure:9386: checking if gcc supports -fno-rtti -fno-exceptions
configure:9404: gcc -c -O2  -fno-rtti -fno-exceptions conftest.c >&5
cc1: warning: command line option "-fno-rtti" is valid for C++/ObjC++ but not for C
configure:9408: $? = 0
configure:9421: result: no
configure:9441: checking for gcc option to produce PIC
configure:9713: result: -fno-common -DPIC
configure:9725: checking if gcc PIC flag -fno-common -DPIC works
configure:9743: gcc -c -O2  -fno-common -DPIC -DPIC conftest.c >&5
configure:9747: $? = 0
configure:9760: result: yes
configure:9784: checking if gcc static flag -static works
configure:9812: result: no
configure:9827: checking if gcc supports -c -o file.o
configure:9848: gcc -c -O2  -o out/conftest2.o conftest.c >&5
configure:9852: $? = 0
configure:9874: result: yes
configure:9882: checking if gcc supports -c -o file.o
configure:9929: result: yes
configure:9962: checking whether the gcc linker (/usr/llvm-gcc-4.2/libexec/gcc/i686-apple-darwin11/4.2.1/ld) supports shared libraries
configure:10952: result: yes
configure:11191: checking dynamic linker characteristics
configure:11854: result: darwin12.2.0 dyld
configure:11956: checking how to hardcode library paths into programs
configure:11981: result: immediate
configure:12501: checking whether stripping libraries is possible
configure:12515: result: yes
configure:12541: checking if libtool supports shared libraries
configure:12543: result: yes
configure:12546: checking whether to build shared libraries
configure:12567: result: yes
configure:12570: checking whether to build static libraries
configure:12574: result: yes
configure:12724: checking for ld used by g++
configure:12791: result: /usr/llvm-gcc-4.2/libexec/gcc/i686-apple-darwin11/4.2.1/ld
configure:12798: checking if the linker (/usr/llvm-gcc-4.2/libexec/gcc/i686-apple-darwin11/4.2.1/ld) is GNU ld
configure:12813: result: no
configure:12868: checking whether the g++ linker (/usr/llvm-gcc-4.2/libexec/gcc/i686-apple-darwin11/4.2.1/ld) supports shared libraries
configure:13781: result: yes
configure:13809: g++ -c -ggdb  conftest.cpp >&5
configure:13812: $? = 0
configure:13994: checking for g++ option to produce PIC
configure:14311: result: -fno-common -DPIC
configure:14320: checking if g++ PIC flag -fno-common -DPIC works
configure:14338: g++ -c -ggdb  -fno-common -DPIC -DPIC conftest.cpp >&5
configure:14342: $? = 0
configure:14355: result: yes
configure:14376: checking if g++ static flag -static works
configure:14404: result: no
configure:14416: checking if g++ supports -c -o file.o
configure:14437: g++ -c -ggdb  -o out/conftest2.o conftest.cpp >&5
configure:14441: $? = 0
configure:14463: result: yes
configure:14468: checking if g++ supports -c -o file.o
configure:14515: result: yes
configure:14545: checking whether the g++ linker (/usr/llvm-gcc-4.2/libexec/gcc/i686-apple-darwin11/4.2.1/ld) supports shared libraries
configure:14574: result: yes
configure:14711: checking dynamic linker characteristics
configure:15322: result: darwin12.2.0 dyld
configure:15373: checking how to hardcode library paths into programs
configure:15398: result: immediate
configure:15597: checking if zlib is wanted
configure:15612: result: yes
configure:15646: checking for inflateEnd in -lz
configure:15671: gcc -o conftest -O2   conftest.c -lz    >&5
configure:15671: $? = 0
configure:15680: result: yes
configure:15688: checking zlib.h usability
configure:15688: gcc -c -O2  conftest.c >&5
configure:15688: $? = 0
configure:15688: result: yes
configure:15688: checking zlib.h presence
configure:15688: gcc -E  conftest.c
configure:15688: $? = 0
configure:15688: result: yes
configure:15688: checking for zlib.h
configure:15688: result: yes
configure:15707: checking for inflateEnd in -lz
configure:15741: result: yes
configure:15752: checking zlib in /usr
configure:15754: result: ok
configure:15804: checking for iconv
configure:15826: gcc -o conftest -O2   conftest.c -lz   >&5
Undefined symbols for architecture x86_64:
  "_iconv", referenced from:
      _main in cc9am3Jt.o
  "_iconv_close", referenced from:
      _main in cc9am3Jt.o
  "_iconv_open", referenced from:
      _main in cc9am3Jt.o
ld: symbol(s) not found for architecture x86_64
collect2: ld returned 1 exit status
configure:15826: $? = 1
configure: failed program was:
| /* confdefs.h */
| #define PACKAGE_NAME "exiv2"
| #define PACKAGE_TARNAME "exiv2"
| #define PACKAGE_VERSION "0.23"
| #define PACKAGE_STRING "exiv2 0.23"
| #define PACKAGE_BUGREPORT "ahuggel@gmx.net"
| #define PACKAGE_URL ""
| #define PACKAGE "exiv2"
| #define VERSION "0.23"
| #define HAVE_CFPREFERENCESCOPYAPPVALUE 1
| #define HAVE_CFLOCALECOPYCURRENT 1
| #define STDC_HEADERS 1
| #define HAVE_SYS_TYPES_H 1
| #define HAVE_SYS_STAT_H 1
| #define HAVE_STDLIB_H 1
| #define HAVE_STRING_H 1
| #define HAVE_MEMORY_H 1
| #define HAVE_STRINGS_H 1
| #define HAVE_INTTYPES_H 1
| #define HAVE_STDINT_H 1
| #define HAVE_UNISTD_H 1
| #define HAVE_DLFCN_H 1
| #define LT_OBJDIR ".libs/"
| #define HAVE_LIBZ 1
| /* end confdefs.h.  */
| #include <stdlib.h>
| #include <iconv.h>
| int
| main ()
| {
| iconv_t cd = iconv_open("","");
|        iconv(cd,NULL,NULL,NULL,NULL);
|        iconv_close(cd);
|   ;
|   return 0;
| }
configure:15848: gcc -o conftest -O2   conftest.c -lz   -liconv >&5
